<?xml version="1.0" encoding="UTF-8"?>
<!-- Generated by org.testng.reporters.JUnitXMLReporter -->
<testsuite ignored="0" hostname="DESKTOP-4T26L2U" failures="0" tests="18" name="Default test" time="9.344" errors="0" timestamp="2022-06-06T17:28:55 CEST">
  <testcase classname="meri.kiran.vini" name="dataProbhiderAPI" time="2.271"/>
  <testcase classname="meri.kiran.vini" name="dataProbhiderAPI" time="0.543"/>
  <testcase classname="meri.kiran.vini" name="dataProbhiderAPI" time="0.446"/>
  <testcase classname="meri.kiran.vini" name="dataProbhiderAPI" time="0.414"/>
  <testcase classname="meri.kiran.vini" name="dataProbhiderAPI" time="0.456"/>
  <testcase classname="meri.kiran.vini" name="dataProbhiderAPI" time="0.48"/>
  <testcase classname="meri.kiran.vini" name="dataProbhiderAPI" time="0.408"/>
  <testcase classname="meri.kiran.vini" name="dataProbhiderAPI" time="0.454"/>
  <testcase classname="meri.kiran.vini" name="dataProbhiderAPI" time="0.368"/>
  <testcase classname="meri.kiran.vini" name="dataProbhiderAPI" time="0.376"/>
  <testcase classname="meri.kiran.vini" name="dataProbhiderAPI" time="0.375"/>
  <testcase classname="meri.kiran.vini" name="dataProbhiderAPI" time="0.301"/>
  <testcase classname="meri.kiran.vini" name="dataProbhiderAPI" time="0.347"/>
  <testcase classname="meri.kiran.vini" name="dataProbhiderAPI" time="0.42"/>
  <testcase classname="meri.kiran.vini" name="dataProbhiderAPI" time="0.402"/>
  <testcase classname="meri.kiran.vini" name="dataProbhiderAPI" time="0.42"/>
  <testcase classname="meri.kiran.vini" name="dataProbhiderAPI" time="0.4"/>
  <testcase classname="meri.kiran.vini" name="dataProbhiderAPI" time="0.421"/>
</testsuite> <!-- Default test -->
