<?xml version="1.0" encoding="UTF-8"?>
<!-- Generated by org.testng.reporters.JUnitXMLReporter -->
<testsuite ignored="0" hostname="DESKTOP-4T26L2U" failures="0" tests="12" name="Test" time="9.266" errors="0" timestamp="2022-02-20T00:11:48 CET">
  <testcase classname="meri.kiran.stadionWeather" name="stadion_FCA" time="2.81"/>
  <testcase classname="meri.kiran.stadionWeather" name="stadion_FCB" time="0.583"/>
  <testcase classname="meri.kiran.stadionWeather" name="stadion_HBC" time="0.604"/>
  <testcase classname="meri.kiran.stadionWeather" name="stadion_HOF" time="0.562"/>
  <testcase classname="meri.kiran.stadionWeather" name="stadion_HSV" time="0.442"/>
  <testcase classname="meri.kiran.stadionWeather" name="stadion_KAI" time="0.646"/>
  <testcase classname="meri.kiran.stadionWeather" name="stadion_ROS" time="0.776"/>
  <testcase classname="meri.kiran.stadionWeather" name="stadion_S04" time="0.465"/>
  <testcase classname="meri.kiran.stadionWeather" name="stadion_UNI" time="0.546"/>
  <testcase classname="meri.kiran.stadionWeather" name="stadion_b04" time="0.603"/>
  <testcase classname="meri.kiran.stadionWeather" name="stadion_bvb" time="0.625"/>
  <testcase classname="meri.kiran.stadionWeather" name="stadion_f95" time="0.559"/>
</testsuite> <!-- Test -->
