<?xml version="1.0" encoding="UTF-8"?>
<!-- Generated by org.testng.reporters.JUnitXMLReporter -->
<testsuite ignored="0" hostname="DESKTOP-4T26L2U" failures="6" tests="24" name="Test" time="13.153" errors="0" timestamp="2022-06-11T22:56:39 CEST">
  <testcase classname="meri.kiran.vini" name="ASIAN_2023_Qualifier" time="3.244">
    <failure type="java.lang.AssertionError" message="expected [above Limit set for Kuwait City,KW at  10 degree] but found [35.57]">
      <![CDATA[java.lang.AssertionError: expected [above Limit set for Kuwait City,KW at  10 degree] but found [35.57]
at objectRepo.reUsableMethods.chur(reUsableMethods.java:93)
at meri.kiran.vini.ASIAN_2023_Qualifier(vini.java:96)
at java.base/java.util.ArrayList.forEach(ArrayList.java:1511)
... Removed 32 stack frames]]>
    </failure>
  </testcase> <!-- ASIAN_2023_Qualifier -->
  <testcase classname="meri.kiran.vini" name="ASIAN_2023_Qualifier" time="0.549">
    <failure type="java.lang.AssertionError" message="expected [above Limit set for Ulaanbaatar,MN at  10 degree] but found [10.07]">
      <![CDATA[java.lang.AssertionError: expected [above Limit set for Ulaanbaatar,MN at  10 degree] but found [10.07]
at objectRepo.reUsableMethods.chur(reUsableMethods.java:93)
at meri.kiran.vini.ASIAN_2023_Qualifier(vini.java:96)
at java.base/java.util.ArrayList.forEach(ArrayList.java:1511)
... Removed 32 stack frames]]>
    </failure>
  </testcase> <!-- ASIAN_2023_Qualifier -->
  <testcase classname="meri.kiran.vini" name="ASIAN_2023_Qualifier" time="0.457">
    <failure type="java.lang.AssertionError" message="expected [above Limit set for Namangan,UZ at  10 degree] but found [26.25]">
      <![CDATA[java.lang.AssertionError: expected [above Limit set for Namangan,UZ at  10 degree] but found [26.25]
at objectRepo.reUsableMethods.chur(reUsableMethods.java:93)
at meri.kiran.vini.ASIAN_2023_Qualifier(vini.java:96)
at java.base/java.util.ArrayList.forEach(ArrayList.java:1511)
... Removed 32 stack frames]]>
    </failure>
  </testcase> <!-- ASIAN_2023_Qualifier -->
  <testcase classname="meri.kiran.vini" name="ASIAN_2023_Qualifier" time="0.458">
    <failure type="java.lang.AssertionError" message="expected [above Limit set for Kolkata,IN at  10 degree] but found [28.97]">
      <![CDATA[java.lang.AssertionError: expected [above Limit set for Kolkata,IN at  10 degree] but found [28.97]
at objectRepo.reUsableMethods.chur(reUsableMethods.java:93)
at meri.kiran.vini.ASIAN_2023_Qualifier(vini.java:96)
at java.base/java.util.ArrayList.forEach(ArrayList.java:1511)
... Removed 32 stack frames]]>
    </failure>
  </testcase> <!-- ASIAN_2023_Qualifier -->
  <testcase classname="meri.kiran.vini" name="ASIAN_2023_Qualifier" time="0.449">
    <failure type="java.lang.AssertionError" message="expected [above Limit set for Kuala Lumpur,MY at  10 degree] but found [22.67]">
      <![CDATA[java.lang.AssertionError: expected [above Limit set for Kuala Lumpur,MY at  10 degree] but found [22.67]
at objectRepo.reUsableMethods.chur(reUsableMethods.java:93)
at meri.kiran.vini.ASIAN_2023_Qualifier(vini.java:96)
at java.base/java.util.ArrayList.forEach(ArrayList.java:1511)
... Removed 32 stack frames]]>
    </failure>
  </testcase> <!-- ASIAN_2023_Qualifier -->
  <testcase classname="meri.kiran.vini" name="ASIAN_2023_Qualifier" time="0.453">
    <failure type="java.lang.AssertionError" message="expected [above Limit set for Bishkek,KG at  10 degree] but found [19.11]">
      <![CDATA[java.lang.AssertionError: expected [above Limit set for Bishkek,KG at  10 degree] but found [19.11]
at objectRepo.reUsableMethods.chur(reUsableMethods.java:93)
at meri.kiran.vini.ASIAN_2023_Qualifier(vini.java:96)
at java.base/java.util.ArrayList.forEach(ArrayList.java:1511)
... Removed 32 stack frames]]>
    </failure>
  </testcase> <!-- ASIAN_2023_Qualifier -->
  <testcase classname="meri.kiran.vini" name="dataProbhiderAPI" time="0.38"/>
  <testcase classname="meri.kiran.vini" name="dataProbhiderAPI" time="0.384"/>
  <testcase classname="meri.kiran.vini" name="dataProbhiderAPI" time="0.359"/>
  <testcase classname="meri.kiran.vini" name="dataProbhiderAPI" time="0.512"/>
  <testcase classname="meri.kiran.vini" name="dataProbhiderAPI" time="0.349"/>
  <testcase classname="meri.kiran.vini" name="dataProbhiderAPI" time="0.337"/>
  <testcase classname="meri.kiran.vini" name="dataProbhiderAPI" time="0.393"/>
  <testcase classname="meri.kiran.vini" name="dataProbhiderAPI" time="0.462"/>
  <testcase classname="meri.kiran.vini" name="dataProbhiderAPI" time="0.41"/>
  <testcase classname="meri.kiran.vini" name="dataProbhiderAPI" time="0.447"/>
  <testcase classname="meri.kiran.vini" name="dataProbhiderAPI" time="0.339"/>
  <testcase classname="meri.kiran.vini" name="dataProbhiderAPI" time="0.356"/>
  <testcase classname="meri.kiran.vini" name="dataProbhiderAPI" time="0.346"/>
  <testcase classname="meri.kiran.vini" name="dataProbhiderAPI" time="0.473"/>
  <testcase classname="meri.kiran.vini" name="dataProbhiderAPI" time="0.532"/>
  <testcase classname="meri.kiran.vini" name="dataProbhiderAPI" time="0.651"/>
  <testcase classname="meri.kiran.vini" name="dataProbhiderAPI" time="0.434"/>
  <testcase classname="meri.kiran.vini" name="dataProbhiderAPI" time="0.313"/>
</testsuite> <!-- Test -->
