<?xml version="1.0" encoding="UTF-8"?>
<!-- Generated by org.testng.reporters.JUnitXMLReporter -->
<testsuite ignored="0" hostname="DESKTOP-4T26L2U" failures="42" tests="42" name="Test" time="16.006" errors="0" timestamp="2022-06-12T17:44:05 CEST">
  <testcase classname="meri.kiran.vini" name="ASIAN_2023_Qualifier" time="2.11">
    <failure type="java.lang.AssertionError" message="expected [above Limit set for Kuwait City,KW at  0 degree] but found [40.01]">
      <![CDATA[java.lang.AssertionError: expected [above Limit set for Kuwait City,KW at  0 degree] but found [40.01]
at objectRepo.reUsableMethods.chur(reUsableMethods.java:93)
at meri.kiran.vini.ASIAN_2023_Qualifier(vini.java:116)
at java.base/java.util.ArrayList.forEach(ArrayList.java:1511)
... Removed 36 stack frames]]>
    </failure>
  </testcase> <!-- ASIAN_2023_Qualifier -->
  <testcase classname="meri.kiran.vini" name="ASIAN_2023_Qualifier" time="0.354">
    <failure type="java.lang.AssertionError" message="expected [above Limit set for Ulaanbaatar,MN at  0 degree] but found [9.07]">
      <![CDATA[java.lang.AssertionError: expected [above Limit set for Ulaanbaatar,MN at  0 degree] but found [9.07]
at objectRepo.reUsableMethods.chur(reUsableMethods.java:93)
at meri.kiran.vini.ASIAN_2023_Qualifier(vini.java:116)
at java.base/java.util.ArrayList.forEach(ArrayList.java:1511)
... Removed 36 stack frames]]>
    </failure>
  </testcase> <!-- ASIAN_2023_Qualifier -->
  <testcase classname="meri.kiran.vini" name="ASIAN_2023_Qualifier" time="0.409">
    <failure type="java.lang.AssertionError" message="expected [above Limit set for Namangan,UZ at  0 degree] but found [27.25]">
      <![CDATA[java.lang.AssertionError: expected [above Limit set for Namangan,UZ at  0 degree] but found [27.25]
at objectRepo.reUsableMethods.chur(reUsableMethods.java:93)
at meri.kiran.vini.ASIAN_2023_Qualifier(vini.java:116)
at java.base/java.util.ArrayList.forEach(ArrayList.java:1511)
... Removed 36 stack frames]]>
    </failure>
  </testcase> <!-- ASIAN_2023_Qualifier -->
  <testcase classname="meri.kiran.vini" name="ASIAN_2023_Qualifier" time="0.358">
    <failure type="java.lang.AssertionError" message="expected [above Limit set for Kolkata,IN at  0 degree] but found [30.97]">
      <![CDATA[java.lang.AssertionError: expected [above Limit set for Kolkata,IN at  0 degree] but found [30.97]
at objectRepo.reUsableMethods.chur(reUsableMethods.java:93)
at meri.kiran.vini.ASIAN_2023_Qualifier(vini.java:116)
at java.base/java.util.ArrayList.forEach(ArrayList.java:1511)
... Removed 36 stack frames]]>
    </failure>
  </testcase> <!-- ASIAN_2023_Qualifier -->
  <testcase classname="meri.kiran.vini" name="ASIAN_2023_Qualifier" time="0.321">
    <failure type="java.lang.AssertionError" message="expected [above Limit set for Kuala Lumpur,MY at  0 degree] but found [27.49]">
      <![CDATA[java.lang.AssertionError: expected [above Limit set for Kuala Lumpur,MY at  0 degree] but found [27.49]
at objectRepo.reUsableMethods.chur(reUsableMethods.java:93)
at meri.kiran.vini.ASIAN_2023_Qualifier(vini.java:116)
at java.base/java.util.ArrayList.forEach(ArrayList.java:1511)
... Removed 36 stack frames]]>
    </failure>
  </testcase> <!-- ASIAN_2023_Qualifier -->
  <testcase classname="meri.kiran.vini" name="ASIAN_2023_Qualifier" time="0.349">
    <failure type="java.lang.AssertionError" message="expected [above Limit set for Bishkek,KG at  0 degree] but found [23.11]">
      <![CDATA[java.lang.AssertionError: expected [above Limit set for Bishkek,KG at  0 degree] but found [23.11]
at objectRepo.reUsableMethods.chur(reUsableMethods.java:93)
at meri.kiran.vini.ASIAN_2023_Qualifier(vini.java:116)
at java.base/java.util.ArrayList.forEach(ArrayList.java:1511)
... Removed 36 stack frames]]>
    </failure>
  </testcase> <!-- ASIAN_2023_Qualifier -->
  <testcase classname="meri.kiran.vini" name="Bundesliga" time="0.366">
    <failure type="java.lang.AssertionError" message="expected [above Limit set for Spandau,DE at  0 degree] but found [26.47]">
      <![CDATA[java.lang.AssertionError: expected [above Limit set for Spandau,DE at  0 degree] but found [26.47]
at objectRepo.reUsableMethods.chur(reUsableMethods.java:93)
at meri.kiran.vini.Bundesliga(vini.java:136)
at java.base/java.util.ArrayList.forEach(ArrayList.java:1511)
... Removed 36 stack frames]]>
    </failure>
  </testcase> <!-- Bundesliga -->
  <testcase classname="meri.kiran.vini" name="Bundesliga" time="0.316">
    <failure type="java.lang.AssertionError" message="expected [above Limit set for Berlin Treptow,DE at  0 degree] but found [26.14]">
      <![CDATA[java.lang.AssertionError: expected [above Limit set for Berlin Treptow,DE at  0 degree] but found [26.14]
at objectRepo.reUsableMethods.chur(reUsableMethods.java:93)
at meri.kiran.vini.Bundesliga(vini.java:136)
at java.base/java.util.ArrayList.forEach(ArrayList.java:1511)
... Removed 36 stack frames]]>
    </failure>
  </testcase> <!-- Bundesliga -->
  <testcase classname="meri.kiran.vini" name="Bundesliga" time="0.293">
    <failure type="java.lang.AssertionError" message="expected [above Limit set for Bremen,DE at  0 degree] but found [22.05]">
      <![CDATA[java.lang.AssertionError: expected [above Limit set for Bremen,DE at  0 degree] but found [22.05]
at objectRepo.reUsableMethods.chur(reUsableMethods.java:93)
at meri.kiran.vini.Bundesliga(vini.java:136)
at java.base/java.util.ArrayList.forEach(ArrayList.java:1511)
... Removed 36 stack frames]]>
    </failure>
  </testcase> <!-- Bundesliga -->
  <testcase classname="meri.kiran.vini" name="Bundesliga" time="0.341">
    <failure type="java.lang.AssertionError" message="expected [above Limit set for Wolfsburg,DE at  0 degree] but found [24.93]">
      <![CDATA[java.lang.AssertionError: expected [above Limit set for Wolfsburg,DE at  0 degree] but found [24.93]
at objectRepo.reUsableMethods.chur(reUsableMethods.java:93)
at meri.kiran.vini.Bundesliga(vini.java:136)
at java.base/java.util.ArrayList.forEach(ArrayList.java:1511)
... Removed 36 stack frames]]>
    </failure>
  </testcase> <!-- Bundesliga -->
  <testcase classname="meri.kiran.vini" name="Bundesliga" time="0.349">
    <failure type="java.lang.AssertionError" message="expected [above Limit set for Leipzig,DE at  0 degree] but found [27.55]">
      <![CDATA[java.lang.AssertionError: expected [above Limit set for Leipzig,DE at  0 degree] but found [27.55]
at objectRepo.reUsableMethods.chur(reUsableMethods.java:93)
at meri.kiran.vini.Bundesliga(vini.java:136)
at java.base/java.util.ArrayList.forEach(ArrayList.java:1511)
... Removed 36 stack frames]]>
    </failure>
  </testcase> <!-- Bundesliga -->
  <testcase classname="meri.kiran.vini" name="Bundesliga" time="0.374">
    <failure type="java.lang.AssertionError" message="expected [above Limit set for Munich,DE at  0 degree] but found [27.65]">
      <![CDATA[java.lang.AssertionError: expected [above Limit set for Munich,DE at  0 degree] but found [27.65]
at objectRepo.reUsableMethods.chur(reUsableMethods.java:93)
at meri.kiran.vini.Bundesliga(vini.java:136)
at java.base/java.util.ArrayList.forEach(ArrayList.java:1511)
... Removed 36 stack frames]]>
    </failure>
  </testcase> <!-- Bundesliga -->
  <testcase classname="meri.kiran.vini" name="Bundesliga" time="0.351">
    <failure type="java.lang.AssertionError" message="expected [above Limit set for Augsburg,DE at  0 degree] but found [27.83]">
      <![CDATA[java.lang.AssertionError: expected [above Limit set for Augsburg,DE at  0 degree] but found [27.83]
at objectRepo.reUsableMethods.chur(reUsableMethods.java:93)
at meri.kiran.vini.Bundesliga(vini.java:136)
at java.base/java.util.ArrayList.forEach(ArrayList.java:1511)
... Removed 36 stack frames]]>
    </failure>
  </testcase> <!-- Bundesliga -->
  <testcase classname="meri.kiran.vini" name="Bundesliga" time="0.336">
    <failure type="java.lang.AssertionError" message="expected [above Limit set for Stuttgart,DE at  0 degree] but found [28.26]">
      <![CDATA[java.lang.AssertionError: expected [above Limit set for Stuttgart,DE at  0 degree] but found [28.26]
at objectRepo.reUsableMethods.chur(reUsableMethods.java:93)
at meri.kiran.vini.Bundesliga(vini.java:136)
at java.base/java.util.ArrayList.forEach(ArrayList.java:1511)
... Removed 36 stack frames]]>
    </failure>
  </testcase> <!-- Bundesliga -->
  <testcase classname="meri.kiran.vini" name="Bundesliga" time="0.329">
    <failure type="java.lang.AssertionError" message="expected [above Limit set for Freiburg,DE at  0 degree] but found [29.79]">
      <![CDATA[java.lang.AssertionError: expected [above Limit set for Freiburg,DE at  0 degree] but found [29.79]
at objectRepo.reUsableMethods.chur(reUsableMethods.java:93)
at meri.kiran.vini.Bundesliga(vini.java:136)
at java.base/java.util.ArrayList.forEach(ArrayList.java:1511)
... Removed 36 stack frames]]>
    </failure>
  </testcase> <!-- Bundesliga -->
  <testcase classname="meri.kiran.vini" name="Bundesliga" time="0.342">
    <failure type="java.lang.AssertionError" message="expected [above Limit set for Hoffenheim,DE at  0 degree] but found [27.58]">
      <![CDATA[java.lang.AssertionError: expected [above Limit set for Hoffenheim,DE at  0 degree] but found [27.58]
at objectRepo.reUsableMethods.chur(reUsableMethods.java:93)
at meri.kiran.vini.Bundesliga(vini.java:136)
at java.base/java.util.ArrayList.forEach(ArrayList.java:1511)
... Removed 36 stack frames]]>
    </failure>
  </testcase> <!-- Bundesliga -->
  <testcase classname="meri.kiran.vini" name="Bundesliga" time="0.311">
    <failure type="java.lang.AssertionError" message="expected [above Limit set for Cologne,DE at  0 degree] but found [24.2]">
      <![CDATA[java.lang.AssertionError: expected [above Limit set for Cologne,DE at  0 degree] but found [24.2]
at objectRepo.reUsableMethods.chur(reUsableMethods.java:93)
at meri.kiran.vini.Bundesliga(vini.java:136)
at java.base/java.util.ArrayList.forEach(ArrayList.java:1511)
... Removed 36 stack frames]]>
    </failure>
  </testcase> <!-- Bundesliga -->
  <testcase classname="meri.kiran.vini" name="Bundesliga" time="0.323">
    <failure type="java.lang.AssertionError" message="expected [above Limit set for Dortmund,DE at  0 degree] but found [23.01]">
      <![CDATA[java.lang.AssertionError: expected [above Limit set for Dortmund,DE at  0 degree] but found [23.01]
at objectRepo.reUsableMethods.chur(reUsableMethods.java:93)
at meri.kiran.vini.Bundesliga(vini.java:136)
at java.base/java.util.ArrayList.forEach(ArrayList.java:1511)
... Removed 36 stack frames]]>
    </failure>
  </testcase> <!-- Bundesliga -->
  <testcase classname="meri.kiran.vini" name="Bundesliga" time="0.311">
    <failure type="java.lang.AssertionError" message="expected [above Limit set for Frankfurt am Main,DE at  0 degree] but found [28.57]">
      <![CDATA[java.lang.AssertionError: expected [above Limit set for Frankfurt am Main,DE at  0 degree] but found [28.57]
at objectRepo.reUsableMethods.chur(reUsableMethods.java:93)
at meri.kiran.vini.Bundesliga(vini.java:136)
at java.base/java.util.ArrayList.forEach(ArrayList.java:1511)
... Removed 36 stack frames]]>
    </failure>
  </testcase> <!-- Bundesliga -->
  <testcase classname="meri.kiran.vini" name="Bundesliga" time="0.394">
    <failure type="java.lang.AssertionError" message="expected [above Limit set for Mainz,DE at  0 degree] but found [28.53]">
      <![CDATA[java.lang.AssertionError: expected [above Limit set for Mainz,DE at  0 degree] but found [28.53]
at objectRepo.reUsableMethods.chur(reUsableMethods.java:93)
at meri.kiran.vini.Bundesliga(vini.java:136)
at java.base/java.util.ArrayList.forEach(ArrayList.java:1511)
... Removed 36 stack frames]]>
    </failure>
  </testcase> <!-- Bundesliga -->
  <testcase classname="meri.kiran.vini" name="Bundesliga" time="0.345">
    <failure type="java.lang.AssertionError" message="expected [above Limit set for Gelsenkirchen,DE at  0 degree] but found [23.64]">
      <![CDATA[java.lang.AssertionError: expected [above Limit set for Gelsenkirchen,DE at  0 degree] but found [23.64]
at objectRepo.reUsableMethods.chur(reUsableMethods.java:93)
at meri.kiran.vini.Bundesliga(vini.java:136)
at java.base/java.util.ArrayList.forEach(ArrayList.java:1511)
... Removed 36 stack frames]]>
    </failure>
  </testcase> <!-- Bundesliga -->
  <testcase classname="meri.kiran.vini" name="Bundesliga" time="0.288">
    <failure type="java.lang.AssertionError" message="expected [above Limit set for Mönchengladbach,DE at  0 degree] but found [23.17]">
      <![CDATA[java.lang.AssertionError: expected [above Limit set for Mönchengladbach,DE at  0 degree] but found [23.17]
at objectRepo.reUsableMethods.chur(reUsableMethods.java:93)
at meri.kiran.vini.Bundesliga(vini.java:136)
at java.base/java.util.ArrayList.forEach(ArrayList.java:1511)
... Removed 36 stack frames]]>
    </failure>
  </testcase> <!-- Bundesliga -->
  <testcase classname="meri.kiran.vini" name="Bundesliga" time="0.358">
    <failure type="java.lang.AssertionError" message="expected [above Limit set for Bochum,DE at  0 degree] but found [23.24]">
      <![CDATA[java.lang.AssertionError: expected [above Limit set for Bochum,DE at  0 degree] but found [23.24]
at objectRepo.reUsableMethods.chur(reUsableMethods.java:93)
at meri.kiran.vini.Bundesliga(vini.java:136)
at java.base/java.util.ArrayList.forEach(ArrayList.java:1511)
... Removed 35 stack frames]]>
    </failure>
  </testcase> <!-- Bundesliga -->
  <testcase classname="meri.kiran.vini" name="Bundesliga" time="0.33">
    <failure type="java.lang.AssertionError" message="expected [above Limit set for Leverkusen,DE at  0 degree] but found [23.66]">
      <![CDATA[java.lang.AssertionError: expected [above Limit set for Leverkusen,DE at  0 degree] but found [23.66]
at objectRepo.reUsableMethods.chur(reUsableMethods.java:93)
at meri.kiran.vini.Bundesliga(vini.java:136)
at java.base/java.util.ArrayList.forEach(ArrayList.java:1511)
... Removed 35 stack frames]]>
    </failure>
  </testcase> <!-- Bundesliga -->
  <testcase classname="meri.kiran.vini" name="dataProbhiderAPI" time="0.322">
    <failure type="java.lang.AssertionError" message="expected [above Limit set for Kiel,DE at  0 degree] but found [19.17]">
      <![CDATA[java.lang.AssertionError: expected [above Limit set for Kiel,DE at  0 degree] but found [19.17]
at objectRepo.reUsableMethods.chur(reUsableMethods.java:93)
at meri.kiran.vini.dataProbhiderAPI(vini.java:96)
at java.base/java.util.ArrayList.forEach(ArrayList.java:1511)
... Removed 36 stack frames]]>
    </failure>
  </testcase> <!-- dataProbhiderAPI -->
  <testcase classname="meri.kiran.vini" name="dataProbhiderAPI" time="0.407">
    <failure type="java.lang.AssertionError" message="expected [above Limit set for Rostock,DE at  0 degree] but found [19.58]">
      <![CDATA[java.lang.AssertionError: expected [above Limit set for Rostock,DE at  0 degree] but found [19.58]
at objectRepo.reUsableMethods.chur(reUsableMethods.java:93)
at meri.kiran.vini.dataProbhiderAPI(vini.java:96)
at java.base/java.util.ArrayList.forEach(ArrayList.java:1511)
... Removed 36 stack frames]]>
    </failure>
  </testcase> <!-- dataProbhiderAPI -->
  <testcase classname="meri.kiran.vini" name="dataProbhiderAPI" time="0.321">
    <failure type="java.lang.AssertionError" message="expected [above Limit set for Hamburg,DE at  0 degree] but found [20.05]">
      <![CDATA[java.lang.AssertionError: expected [above Limit set for Hamburg,DE at  0 degree] but found [20.05]
at objectRepo.reUsableMethods.chur(reUsableMethods.java:93)
at meri.kiran.vini.dataProbhiderAPI(vini.java:96)
at java.base/java.util.ArrayList.forEach(ArrayList.java:1511)
... Removed 36 stack frames]]>
    </failure>
  </testcase> <!-- dataProbhiderAPI -->
  <testcase classname="meri.kiran.vini" name="dataProbhiderAPI" time="0.303">
    <failure type="java.lang.AssertionError" message="expected [above Limit set for St. Pauli,DE at  0 degree] but found [20.03]">
      <![CDATA[java.lang.AssertionError: expected [above Limit set for St. Pauli,DE at  0 degree] but found [20.03]
at objectRepo.reUsableMethods.chur(reUsableMethods.java:93)
at meri.kiran.vini.dataProbhiderAPI(vini.java:96)
at java.base/java.util.ArrayList.forEach(ArrayList.java:1511)
... Removed 36 stack frames]]>
    </failure>
  </testcase> <!-- dataProbhiderAPI -->
  <testcase classname="meri.kiran.vini" name="dataProbhiderAPI" time="0.309">
    <failure type="java.lang.AssertionError" message="expected [above Limit set for Magdeburg,DE at  0 degree] but found [25.57]">
      <![CDATA[java.lang.AssertionError: expected [above Limit set for Magdeburg,DE at  0 degree] but found [25.57]
at objectRepo.reUsableMethods.chur(reUsableMethods.java:93)
at meri.kiran.vini.dataProbhiderAPI(vini.java:96)
at java.base/java.util.ArrayList.forEach(ArrayList.java:1511)
... Removed 36 stack frames]]>
    </failure>
  </testcase> <!-- dataProbhiderAPI -->
  <testcase classname="meri.kiran.vini" name="dataProbhiderAPI" time="0.339">
    <failure type="java.lang.AssertionError" message="expected [above Limit set for Fürth,DE at  0 degree] but found [28.95]">
      <![CDATA[java.lang.AssertionError: expected [above Limit set for Fürth,DE at  0 degree] but found [28.95]
at objectRepo.reUsableMethods.chur(reUsableMethods.java:93)
at meri.kiran.vini.dataProbhiderAPI(vini.java:96)
at java.base/java.util.ArrayList.forEach(ArrayList.java:1511)
... Removed 36 stack frames]]>
    </failure>
  </testcase> <!-- dataProbhiderAPI -->
  <testcase classname="meri.kiran.vini" name="dataProbhiderAPI" time="0.318">
    <failure type="java.lang.AssertionError" message="expected [above Limit set for Nuremberg,DE at  0 degree] but found [28.91]">
      <![CDATA[java.lang.AssertionError: expected [above Limit set for Nuremberg,DE at  0 degree] but found [28.91]
at objectRepo.reUsableMethods.chur(reUsableMethods.java:93)
at meri.kiran.vini.dataProbhiderAPI(vini.java:96)
at java.base/java.util.ArrayList.forEach(ArrayList.java:1511)
... Removed 36 stack frames]]>
    </failure>
  </testcase> <!-- dataProbhiderAPI -->
  <testcase classname="meri.kiran.vini" name="dataProbhiderAPI" time="0.32">
    <failure type="java.lang.AssertionError" message="expected [above Limit set for Regensburg,DE at  0 degree] but found [28.81]">
      <![CDATA[java.lang.AssertionError: expected [above Limit set for Regensburg,DE at  0 degree] but found [28.81]
at objectRepo.reUsableMethods.chur(reUsableMethods.java:93)
at meri.kiran.vini.dataProbhiderAPI(vini.java:96)
at java.base/java.util.ArrayList.forEach(ArrayList.java:1511)
... Removed 36 stack frames]]>
    </failure>
  </testcase> <!-- dataProbhiderAPI -->
  <testcase classname="meri.kiran.vini" name="dataProbhiderAPI" time="0.313">
    <failure type="java.lang.AssertionError" message="expected [above Limit set for Heidenheim,DE at  0 degree] but found [23.71]">
      <![CDATA[java.lang.AssertionError: expected [above Limit set for Heidenheim,DE at  0 degree] but found [23.71]
at objectRepo.reUsableMethods.chur(reUsableMethods.java:93)
at meri.kiran.vini.dataProbhiderAPI(vini.java:96)
at java.base/java.util.ArrayList.forEach(ArrayList.java:1511)
... Removed 36 stack frames]]>
    </failure>
  </testcase> <!-- dataProbhiderAPI -->
  <testcase classname="meri.kiran.vini" name="dataProbhiderAPI" time="0.352">
    <failure type="java.lang.AssertionError" message="expected [above Limit set for Sandhausen,DE at  0 degree] but found [29.01]">
      <![CDATA[java.lang.AssertionError: expected [above Limit set for Sandhausen,DE at  0 degree] but found [29.01]
at objectRepo.reUsableMethods.chur(reUsableMethods.java:93)
at meri.kiran.vini.dataProbhiderAPI(vini.java:96)
at java.base/java.util.ArrayList.forEach(ArrayList.java:1511)
... Removed 36 stack frames]]>
    </failure>
  </testcase> <!-- dataProbhiderAPI -->
  <testcase classname="meri.kiran.vini" name="dataProbhiderAPI" time="0.336">
    <failure type="java.lang.AssertionError" message="expected [above Limit set for Karlsruhe,DE at  0 degree] but found [29.99]">
      <![CDATA[java.lang.AssertionError: expected [above Limit set for Karlsruhe,DE at  0 degree] but found [29.99]
at objectRepo.reUsableMethods.chur(reUsableMethods.java:93)
at meri.kiran.vini.dataProbhiderAPI(vini.java:96)
at java.base/java.util.ArrayList.forEach(ArrayList.java:1511)
... Removed 36 stack frames]]>
    </failure>
  </testcase> <!-- dataProbhiderAPI -->
  <testcase classname="meri.kiran.vini" name="dataProbhiderAPI" time="0.347">
    <failure type="java.lang.AssertionError" message="expected [above Limit set for Kaiserslautern,DE at  0 degree] but found [26.88]">
      <![CDATA[java.lang.AssertionError: expected [above Limit set for Kaiserslautern,DE at  0 degree] but found [26.88]
at objectRepo.reUsableMethods.chur(reUsableMethods.java:93)
at meri.kiran.vini.dataProbhiderAPI(vini.java:96)
at java.base/java.util.ArrayList.forEach(ArrayList.java:1511)
... Removed 36 stack frames]]>
    </failure>
  </testcase> <!-- dataProbhiderAPI -->
  <testcase classname="meri.kiran.vini" name="dataProbhiderAPI" time="0.36">
    <failure type="java.lang.AssertionError" message="expected [above Limit set for Regierungsbezirk Darmstadt,DE at  0 degree] but found [27.74]">
      <![CDATA[java.lang.AssertionError: expected [above Limit set for Regierungsbezirk Darmstadt,DE at  0 degree] but found [27.74]
at objectRepo.reUsableMethods.chur(reUsableMethods.java:93)
at meri.kiran.vini.dataProbhiderAPI(vini.java:96)
at java.base/java.util.ArrayList.forEach(ArrayList.java:1511)
... Removed 36 stack frames]]>
    </failure>
  </testcase> <!-- dataProbhiderAPI -->
  <testcase classname="meri.kiran.vini" name="dataProbhiderAPI" time="0.321">
    <failure type="java.lang.AssertionError" message="expected [above Limit set for Düsseldorf,DE at  0 degree] but found [23.47]">
      <![CDATA[java.lang.AssertionError: expected [above Limit set for Düsseldorf,DE at  0 degree] but found [23.47]
at objectRepo.reUsableMethods.chur(reUsableMethods.java:93)
at meri.kiran.vini.dataProbhiderAPI(vini.java:96)
at java.base/java.util.ArrayList.forEach(ArrayList.java:1511)
... Removed 36 stack frames]]>
    </failure>
  </testcase> <!-- dataProbhiderAPI -->
  <testcase classname="meri.kiran.vini" name="dataProbhiderAPI" time="0.321">
    <failure type="java.lang.AssertionError" message="expected [above Limit set for Paderborn,DE at  0 degree] but found [23.92]">
      <![CDATA[java.lang.AssertionError: expected [above Limit set for Paderborn,DE at  0 degree] but found [23.92]
at objectRepo.reUsableMethods.chur(reUsableMethods.java:93)
at meri.kiran.vini.dataProbhiderAPI(vini.java:96)
at java.base/java.util.ArrayList.forEach(ArrayList.java:1511)
... Removed 36 stack frames]]>
    </failure>
  </testcase> <!-- dataProbhiderAPI -->
  <testcase classname="meri.kiran.vini" name="dataProbhiderAPI" time="0.348">
    <failure type="java.lang.AssertionError" message="expected [above Limit set for Bielefeld,DE at  0 degree] but found [22.1]">
      <![CDATA[java.lang.AssertionError: expected [above Limit set for Bielefeld,DE at  0 degree] but found [22.1]
at objectRepo.reUsableMethods.chur(reUsableMethods.java:93)
at meri.kiran.vini.dataProbhiderAPI(vini.java:96)
at java.base/java.util.ArrayList.forEach(ArrayList.java:1511)
... Removed 36 stack frames]]>
    </failure>
  </testcase> <!-- dataProbhiderAPI -->
  <testcase classname="meri.kiran.vini" name="dataProbhiderAPI" time="0.346">
    <failure type="java.lang.AssertionError" message="expected [above Limit set for Hanover,DE at  0 degree] but found [23.17]">
      <![CDATA[java.lang.AssertionError: expected [above Limit set for Hanover,DE at  0 degree] but found [23.17]
at objectRepo.reUsableMethods.chur(reUsableMethods.java:93)
at meri.kiran.vini.dataProbhiderAPI(vini.java:96)
at java.base/java.util.ArrayList.forEach(ArrayList.java:1511)
... Removed 35 stack frames]]>
    </failure>
  </testcase> <!-- dataProbhiderAPI -->
  <testcase classname="meri.kiran.vini" name="dataProbhiderAPI" time="0.309">
    <failure type="java.lang.AssertionError" message="expected [above Limit set for Braunschweig,DE at  0 degree] but found [24.37]">
      <![CDATA[java.lang.AssertionError: expected [above Limit set for Braunschweig,DE at  0 degree] but found [24.37]
at objectRepo.reUsableMethods.chur(reUsableMethods.java:93)
at meri.kiran.vini.dataProbhiderAPI(vini.java:96)
at java.base/java.util.ArrayList.forEach(ArrayList.java:1511)
... Removed 35 stack frames]]>
    </failure>
  </testcase> <!-- dataProbhiderAPI -->
</testsuite> <!-- Test -->
