<?xml version="1.0" encoding="UTF-8"?>
<!-- Generated by org.testng.reporters.JUnitXMLReporter -->
<testsuite ignored="0" hostname="DESKTOP-4T26L2U" failures="5" tests="13" name="Test" time="10.23" errors="0" timestamp="2022-02-20T23:49:48 CET">
  <testcase classname="meri.kiran.stadionWeather" name="stadion_FCA" time="3.395"/>
  <testcase classname="meri.kiran.stadionWeather" name="stadion_FCB" time="0.628"/>
  <testcase classname="meri.kiran.stadionWeather" name="stadion_HBC" time="0.642"/>
  <testcase classname="meri.kiran.stadionWeather" name="stadion_HOF" time="0.489">
    <failure type="java.lang.AssertionError" message="expected [above Limit set at - 10 degree] but found [10.11]">
      <![CDATA[java.lang.AssertionError: expected [above Limit set at - 10 degree] but found [10.11]
at objectRepo.reUsableMethods.coordsExtractor(reUsableMethods.java:45)
at meri.kiran.stadionWeather.stadion_HOF(stadionWeather.java:150)
at java.base/java.util.ArrayList.forEach(ArrayList.java:1511)
... Removed 36 stack frames]]>
    </failure>
  </testcase> <!-- stadion_HOF -->
  <testcase classname="meri.kiran.stadionWeather" name="stadion_HSV" time="0.544"/>
  <testcase classname="meri.kiran.stadionWeather" name="stadion_KAI" time="0.56"/>
  <testcase classname="meri.kiran.stadionWeather" name="stadion_ROS" time="0.575"/>
  <testcase classname="meri.kiran.stadionWeather" name="stadion_S04" time="0.511">
    <failure type="java.lang.AssertionError" message="expected [above Limit set at - 10 degree] but found [10.08]">
      <![CDATA[java.lang.AssertionError: expected [above Limit set at - 10 degree] but found [10.08]
at objectRepo.reUsableMethods.coordsExtractor(reUsableMethods.java:45)
at meri.kiran.stadionWeather.stadion_S04(stadionWeather.java:236)
at java.base/java.util.ArrayList.forEach(ArrayList.java:1511)
... Removed 36 stack frames]]>
    </failure>
  </testcase> <!-- stadion_S04 -->
  <testcase classname="meri.kiran.stadionWeather" name="stadion_UNI" time="0.449"/>
  <testcase classname="meri.kiran.stadionWeather" name="stadion_b04" time="0.487">
    <failure type="java.lang.AssertionError" message="expected [above Limit set at - 10 degree] but found [11.01]">
      <![CDATA[java.lang.AssertionError: expected [above Limit set at - 10 degree] but found [11.01]
at objectRepo.reUsableMethods.coordsExtractor(reUsableMethods.java:45)
at meri.kiran.stadionWeather.stadion_b04(stadionWeather.java:253)
at java.base/java.util.ArrayList.forEach(ArrayList.java:1511)
... Removed 36 stack frames]]>
    </failure>
  </testcase> <!-- stadion_b04 -->
  <testcase classname="meri.kiran.stadionWeather" name="stadion_bvb" time="0.476">
    <failure type="java.lang.AssertionError" message="expected [above Limit set at - 10 degree] but found [10.02]">
      <![CDATA[java.lang.AssertionError: expected [above Limit set at - 10 degree] but found [10.02]
at objectRepo.reUsableMethods.coordsExtractor(reUsableMethods.java:45)
at meri.kiran.stadionWeather.stadion_bvb(stadionWeather.java:107)
at java.base/java.util.ArrayList.forEach(ArrayList.java:1511)
... Removed 36 stack frames]]>
    </failure>
  </testcase> <!-- stadion_bvb -->
  <testcase classname="meri.kiran.stadionWeather" name="stadion_f95" time="0.771">
    <failure type="java.lang.AssertionError" message="expected [above Limit set at - 10 degree] but found [10.26]">
      <![CDATA[java.lang.AssertionError: expected [above Limit set at - 10 degree] but found [10.26]
at objectRepo.reUsableMethods.coordsExtractor(reUsableMethods.java:45)
at meri.kiran.stadionWeather.stadion_f95(stadionWeather.java:188)
at java.base/java.util.ArrayList.forEach(ArrayList.java:1511)
... Removed 36 stack frames]]>
    </failure>
  </testcase> <!-- stadion_f95 -->
  <testcase classname="meri.kiran.stadionWeather" name="stadion_sgf" time="0.654"/>
</testsuite> <!-- Test -->
