<?xml version="1.0" encoding="UTF-8"?>
<testng-results ignored="1" total="2" passed="1" failed="0" skipped="0">
  <reporter-output>
  </reporter-output>
  <suite started-at="2022-02-21T23:25:00 CET" name="Suite" finished-at="2022-02-21T23:25:42 CET" duration-ms="42174">
    <groups>
    </groups>
    <test started-at="2022-02-21T23:25:00 CET" name="Test" finished-at="2022-02-21T23:25:42 CET" duration-ms="42174">
      <class name="meri.kiran.indianZipCoder">
        <test-method signature="zipSeries_StateLevel()[pri:0, instance:meri.kiran.indianZipCoder@bef2d72]" started-at="2022-02-21T23:25:00 CET" name="zipSeries_StateLevel" finished-at="2022-02-21T23:25:42 CET" duration-ms="42140" status="PASS">
          <reporter-output>
          </reporter-output>
        </test-method> <!-- zipSeries_StateLevel -->
      </class> <!-- meri.kiran.indianZipCoder -->
    </test> <!-- Test -->
  </suite> <!-- Suite -->
</testng-results>
