-------------------------------------------------------------------------------
Test set: TestSuite
-------------------------------------------------------------------------------
Tests run: 42, Failures: 42, Errors: 0, Skipped: 0, Time elapsed: 16.481 s <<< FAILURE! - in TestSuite
meri.kiran.vini.ASIAN_2023_Qualifier[Kuwait City, Group A](1)  Time elapsed: 2.12 s  <<< FAILURE!
java.lang.AssertionError: expected [above Limit set for Kuwait City,KW at  0 degree] but found [40.01]
	at meri.kiran.vini.ASIAN_2023_Qualifier(vini.java:116)

meri.kiran.vini.ASIAN_2023_Qualifier[Ulaanbaatar, Group B](2)  Time elapsed: 0.355 s  <<< FAILURE!
java.lang.AssertionError: expected [above Limit set for Ulaanbaatar,MN at  0 degree] but found [9.07]
	at meri.kiran.vini.ASIAN_2023_Qualifier(vini.java:116)

meri.kiran.vini.ASIAN_2023_Qualifier[Namangan, Group C](3)  Time elapsed: 0.411 s  <<< FAILURE!
java.lang.AssertionError: expected [above Limit set for Namangan,UZ at  0 degree] but found [27.25]
	at meri.kiran.vini.ASIAN_2023_Qualifier(vini.java:116)

meri.kiran.vini.ASIAN_2023_Qualifier[Kolkata, Group D](4)  Time elapsed: 0.358 s  <<< FAILURE!
java.lang.AssertionError: expected [above Limit set for Kolkata,IN at  0 degree] but found [30.97]
	at meri.kiran.vini.ASIAN_2023_Qualifier(vini.java:116)

meri.kiran.vini.ASIAN_2023_Qualifier[kuala lumpur, Group E](5)  Time elapsed: 0.322 s  <<< FAILURE!
java.lang.AssertionError: expected [above Limit set for Kuala Lumpur,MY at  0 degree] but found [27.49]
	at meri.kiran.vini.ASIAN_2023_Qualifier(vini.java:116)

meri.kiran.vini.ASIAN_2023_Qualifier[Bishkek, Group F](6)  Time elapsed: 0.351 s  <<< FAILURE!
java.lang.AssertionError: expected [above Limit set for Bishkek,KG at  0 degree] but found [23.11]
	at meri.kiran.vini.ASIAN_2023_Qualifier(vini.java:116)

meri.kiran.vini.Bundesliga[Spandau, Berlin](1)  Time elapsed: 0.367 s  <<< FAILURE!
java.lang.AssertionError: expected [above Limit set for Spandau,DE at  0 degree] but found [26.47]
	at meri.kiran.vini.Bundesliga(vini.java:136)

meri.kiran.vini.Bundesliga[treptow, Berlin](2)  Time elapsed: 0.316 s  <<< FAILURE!
java.lang.AssertionError: expected [above Limit set for Berlin Treptow,DE at  0 degree] but found [26.14]
	at meri.kiran.vini.Bundesliga(vini.java:136)

meri.kiran.vini.Bundesliga[Bremen, Nord](3)  Time elapsed: 0.292 s  <<< FAILURE!
java.lang.AssertionError: expected [above Limit set for Bremen,DE at  0 degree] but found [22.05]
	at meri.kiran.vini.Bundesliga(vini.java:136)

meri.kiran.vini.Bundesliga[Wolfsburg, NordZentral](4)  Time elapsed: 0.34 s  <<< FAILURE!
java.lang.AssertionError: expected [above Limit set for Wolfsburg,DE at  0 degree] but found [24.93]
	at meri.kiran.vini.Bundesliga(vini.java:136)

meri.kiran.vini.Bundesliga[Leipzig, East](5)  Time elapsed: 0.359 s  <<< FAILURE!
java.lang.AssertionError: expected [above Limit set for Leipzig,DE at  0 degree] but found [27.55]
	at meri.kiran.vini.Bundesliga(vini.java:136)

meri.kiran.vini.Bundesliga[Munich, bayern](6)  Time elapsed: 0.366 s  <<< FAILURE!
java.lang.AssertionError: expected [above Limit set for Munich,DE at  0 degree] but found [27.65]
	at meri.kiran.vini.Bundesliga(vini.java:136)

meri.kiran.vini.Bundesliga[Augsburg, bayern](7)  Time elapsed: 0.352 s  <<< FAILURE!
java.lang.AssertionError: expected [above Limit set for Augsburg,DE at  0 degree] but found [27.83]
	at meri.kiran.vini.Bundesliga(vini.java:136)

meri.kiran.vini.Bundesliga[stuttgart, SouthWest](8)  Time elapsed: 0.328 s  <<< FAILURE!
java.lang.AssertionError: expected [above Limit set for Stuttgart,DE at  0 degree] but found [28.26]
	at meri.kiran.vini.Bundesliga(vini.java:136)

meri.kiran.vini.Bundesliga[Freiburg im Breisgau, EuropaLeague](9)  Time elapsed: 0.331 s  <<< FAILURE!
java.lang.AssertionError: expected [above Limit set for Freiburg,DE at  0 degree] but found [29.79]
	at meri.kiran.vini.Bundesliga(vini.java:136)

meri.kiran.vini.Bundesliga[Hoffenheim, Sinsheim](10)  Time elapsed: 0.341 s  <<< FAILURE!
java.lang.AssertionError: expected [above Limit set for Hoffenheim,DE at  0 degree] but found [27.58]
	at meri.kiran.vini.Bundesliga(vini.java:136)

meri.kiran.vini.Bundesliga[cologne, UCL](11)  Time elapsed: 0.316 s  <<< FAILURE!
java.lang.AssertionError: expected [above Limit set for Cologne,DE at  0 degree] but found [24.2]
	at meri.kiran.vini.Bundesliga(vini.java:136)

meri.kiran.vini.Bundesliga[dortmund, UCL](12)  Time elapsed: 0.318 s  <<< FAILURE!
java.lang.AssertionError: expected [above Limit set for Dortmund,DE at  0 degree] but found [23.01]
	at meri.kiran.vini.Bundesliga(vini.java:136)

meri.kiran.vini.Bundesliga[Frankfurt, UCL](13)  Time elapsed: 0.312 s  <<< FAILURE!
java.lang.AssertionError: expected [above Limit set for Frankfurt am Main,DE at  0 degree] but found [28.57]
	at meri.kiran.vini.Bundesliga(vini.java:136)

meri.kiran.vini.Bundesliga[Mainz, UCL](14)  Time elapsed: 0.395 s  <<< FAILURE!
java.lang.AssertionError: expected [above Limit set for Mainz,DE at  0 degree] but found [28.53]
	at meri.kiran.vini.Bundesliga(vini.java:136)

meri.kiran.vini.Bundesliga[Gelsenkirchen, NRW](15)  Time elapsed: 0.345 s  <<< FAILURE!
java.lang.AssertionError: expected [above Limit set for Gelsenkirchen,DE at  0 degree] but found [23.64]
	at meri.kiran.vini.Bundesliga(vini.java:136)

meri.kiran.vini.Bundesliga[Monchengladbach, NRW](16)  Time elapsed: 0.289 s  <<< FAILURE!
java.lang.AssertionError: expected [above Limit set for Mönchengladbach,DE at  0 degree] but found [23.17]
	at meri.kiran.vini.Bundesliga(vini.java:136)

meri.kiran.vini.Bundesliga[bochum, NRW](17)  Time elapsed: 0.358 s  <<< FAILURE!
java.lang.AssertionError: expected [above Limit set for Bochum,DE at  0 degree] but found [23.24]
	at meri.kiran.vini.Bundesliga(vini.java:136)

meri.kiran.vini.Bundesliga[Leverkusen, NRW](18)  Time elapsed: 0.331 s  <<< FAILURE!
java.lang.AssertionError: expected [above Limit set for Leverkusen,DE at  0 degree] but found [23.66]
	at meri.kiran.vini.Bundesliga(vini.java:136)

meri.kiran.vini.dataProbhiderAPI[Kiel, EuropaLeague](1)  Time elapsed: 0.323 s  <<< FAILURE!
java.lang.AssertionError: expected [above Limit set for Kiel,DE at  0 degree] but found [19.17]
	at meri.kiran.vini.dataProbhiderAPI(vini.java:96)

meri.kiran.vini.dataProbhiderAPI[Rostock, EuropaLeague](2)  Time elapsed: 0.407 s  <<< FAILURE!
java.lang.AssertionError: expected [above Limit set for Rostock,DE at  0 degree] but found [19.58]
	at meri.kiran.vini.dataProbhiderAPI(vini.java:96)

meri.kiran.vini.dataProbhiderAPI[Hamburg, EuropaLeague](3)  Time elapsed: 0.323 s  <<< FAILURE!
java.lang.AssertionError: expected [above Limit set for Hamburg,DE at  0 degree] but found [20.05]
	at meri.kiran.vini.dataProbhiderAPI(vini.java:96)

meri.kiran.vini.dataProbhiderAPI[St. Pauli, UCL](4)  Time elapsed: 0.303 s  <<< FAILURE!
java.lang.AssertionError: expected [above Limit set for St. Pauli,DE at  0 degree] but found [20.03]
	at meri.kiran.vini.dataProbhiderAPI(vini.java:96)

meri.kiran.vini.dataProbhiderAPI[Magdeburg, UCL](5)  Time elapsed: 0.308 s  <<< FAILURE!
java.lang.AssertionError: expected [above Limit set for Magdeburg,DE at  0 degree] but found [25.57]
	at meri.kiran.vini.dataProbhiderAPI(vini.java:96)

meri.kiran.vini.dataProbhiderAPI[Furth, UCL](6)  Time elapsed: 0.339 s  <<< FAILURE!
java.lang.AssertionError: expected [above Limit set for Fürth,DE at  0 degree] but found [28.95]
	at meri.kiran.vini.dataProbhiderAPI(vini.java:96)

meri.kiran.vini.dataProbhiderAPI[Nuremberg, EuropaLeague](7)  Time elapsed: 0.319 s  <<< FAILURE!
java.lang.AssertionError: expected [above Limit set for Nuremberg,DE at  0 degree] but found [28.91]
	at meri.kiran.vini.dataProbhiderAPI(vini.java:96)

meri.kiran.vini.dataProbhiderAPI[Regensburg, EuropaLeague](8)  Time elapsed: 0.32 s  <<< FAILURE!
java.lang.AssertionError: expected [above Limit set for Regensburg,DE at  0 degree] but found [28.81]
	at meri.kiran.vini.dataProbhiderAPI(vini.java:96)

meri.kiran.vini.dataProbhiderAPI[Heidenheim, EuropaLeague](9)  Time elapsed: 0.314 s  <<< FAILURE!
java.lang.AssertionError: expected [above Limit set for Heidenheim,DE at  0 degree] but found [23.71]
	at meri.kiran.vini.dataProbhiderAPI(vini.java:96)

meri.kiran.vini.dataProbhiderAPI[Sandhausen, UCL](10)  Time elapsed: 0.352 s  <<< FAILURE!
java.lang.AssertionError: expected [above Limit set for Sandhausen,DE at  0 degree] but found [29.01]
	at meri.kiran.vini.dataProbhiderAPI(vini.java:96)

meri.kiran.vini.dataProbhiderAPI[Karlsruhe, UCL](11)  Time elapsed: 0.335 s  <<< FAILURE!
java.lang.AssertionError: expected [above Limit set for Karlsruhe,DE at  0 degree] but found [29.99]
	at meri.kiran.vini.dataProbhiderAPI(vini.java:96)

meri.kiran.vini.dataProbhiderAPI[kaiserslautern, UCL](12)  Time elapsed: 0.348 s  <<< FAILURE!
java.lang.AssertionError: expected [above Limit set for Kaiserslautern,DE at  0 degree] but found [26.88]
	at meri.kiran.vini.dataProbhiderAPI(vini.java:96)

meri.kiran.vini.dataProbhiderAPI[Darmstadt, UCL](13)  Time elapsed: 0.361 s  <<< FAILURE!
java.lang.AssertionError: expected [above Limit set for Regierungsbezirk Darmstadt,DE at  0 degree] but found [27.74]
	at meri.kiran.vini.dataProbhiderAPI(vini.java:96)

meri.kiran.vini.dataProbhiderAPI[Dusseldorf, UCL](14)  Time elapsed: 0.321 s  <<< FAILURE!
java.lang.AssertionError: expected [above Limit set for Düsseldorf,DE at  0 degree] but found [23.47]
	at meri.kiran.vini.dataProbhiderAPI(vini.java:96)

meri.kiran.vini.dataProbhiderAPI[Paderborn, EuropaLeague](15)  Time elapsed: 0.321 s  <<< FAILURE!
java.lang.AssertionError: expected [above Limit set for Paderborn,DE at  0 degree] but found [23.92]
	at meri.kiran.vini.dataProbhiderAPI(vini.java:96)

meri.kiran.vini.dataProbhiderAPI[Bielefeld, EuropaLeague](16)  Time elapsed: 0.349 s  <<< FAILURE!
java.lang.AssertionError: expected [above Limit set for Bielefeld,DE at  0 degree] but found [22.1]
	at meri.kiran.vini.dataProbhiderAPI(vini.java:96)

meri.kiran.vini.dataProbhiderAPI[Hannover, EuropaLeague](17)  Time elapsed: 0.347 s  <<< FAILURE!
java.lang.AssertionError: expected [above Limit set for Hanover,DE at  0 degree] but found [23.17]
	at meri.kiran.vini.dataProbhiderAPI(vini.java:96)

meri.kiran.vini.dataProbhiderAPI[Braunschweig, UCL](18)  Time elapsed: 0.31 s  <<< FAILURE!
java.lang.AssertionError: expected [above Limit set for Braunschweig,DE at  0 degree] but found [24.37]
	at meri.kiran.vini.dataProbhiderAPI(vini.java:96)

