<?xml version="1.0" encoding="UTF-8"?>
<testng-results ignored="0" total="12" passed="12" failed="0" skipped="0">
  <reporter-output>
  </reporter-output>
  <suite started-at="2022-02-20T00:19:50 CET" name="Suite" finished-at="2022-02-20T00:19:57 CET" duration-ms="7131">
    <groups>
    </groups>
    <test started-at="2022-02-20T00:19:50 CET" name="Test" finished-at="2022-02-20T00:19:57 CET" duration-ms="7131">
      <class name="meri.kiran.stadionWeather">
        <test-method signature="stadion_FCA()[pri:0, instance:meri.kiran.stadionWeather@63021689]" started-at="2022-02-20T00:19:50 CET" name="stadion_FCA" finished-at="2022-02-20T00:19:53 CET" duration-ms="2720" status="PASS">
          <reporter-output>
          </reporter-output>
        </test-method> <!-- stadion_FCA -->
        <test-method signature="stadion_FCB()[pri:0, instance:meri.kiran.stadionWeather@63021689]" started-at="2022-02-20T00:19:53 CET" name="stadion_FCB" finished-at="2022-02-20T00:19:53 CET" duration-ms="518" status="PASS">
          <reporter-output>
          </reporter-output>
        </test-method> <!-- stadion_FCB -->
        <test-method signature="stadion_HBC()[pri:0, instance:meri.kiran.stadionWeather@63021689]" started-at="2022-02-20T00:19:53 CET" name="stadion_HBC" finished-at="2022-02-20T00:19:54 CET" duration-ms="504" status="PASS">
          <reporter-output>
          </reporter-output>
        </test-method> <!-- stadion_HBC -->
        <test-method signature="stadion_HOF()[pri:0, instance:meri.kiran.stadionWeather@63021689]" started-at="2022-02-20T00:19:54 CET" name="stadion_HOF" finished-at="2022-02-20T00:19:54 CET" duration-ms="422" status="PASS">
          <reporter-output>
          </reporter-output>
        </test-method> <!-- stadion_HOF -->
        <test-method signature="stadion_HSV()[pri:0, instance:meri.kiran.stadionWeather@63021689]" started-at="2022-02-20T00:19:54 CET" name="stadion_HSV" finished-at="2022-02-20T00:19:55 CET" duration-ms="369" status="PASS">
          <reporter-output>
          </reporter-output>
        </test-method> <!-- stadion_HSV -->
        <test-method signature="stadion_KAI()[pri:0, instance:meri.kiran.stadionWeather@63021689]" started-at="2022-02-20T00:19:55 CET" name="stadion_KAI" finished-at="2022-02-20T00:19:55 CET" duration-ms="362" status="PASS">
          <reporter-output>
          </reporter-output>
        </test-method> <!-- stadion_KAI -->
        <test-method signature="stadion_ROS()[pri:0, instance:meri.kiran.stadionWeather@63021689]" started-at="2022-02-20T00:19:55 CET" name="stadion_ROS" finished-at="2022-02-20T00:19:55 CET" duration-ms="331" status="PASS">
          <reporter-output>
          </reporter-output>
        </test-method> <!-- stadion_ROS -->
        <test-method signature="stadion_S04()[pri:0, instance:meri.kiran.stadionWeather@63021689]" started-at="2022-02-20T00:19:55 CET" name="stadion_S04" finished-at="2022-02-20T00:19:56 CET" duration-ms="330" status="PASS">
          <reporter-output>
          </reporter-output>
        </test-method> <!-- stadion_S04 -->
        <test-method signature="stadion_UNI()[pri:0, instance:meri.kiran.stadionWeather@63021689]" started-at="2022-02-20T00:19:56 CET" name="stadion_UNI" finished-at="2022-02-20T00:19:56 CET" duration-ms="451" status="PASS">
          <reporter-output>
          </reporter-output>
        </test-method> <!-- stadion_UNI -->
        <test-method signature="stadion_b04()[pri:0, instance:meri.kiran.stadionWeather@63021689]" started-at="2022-02-20T00:19:56 CET" name="stadion_b04" finished-at="2022-02-20T00:19:56 CET" duration-ms="319" status="PASS">
          <reporter-output>
          </reporter-output>
        </test-method> <!-- stadion_b04 -->
        <test-method signature="stadion_bvb()[pri:0, instance:meri.kiran.stadionWeather@63021689]" started-at="2022-02-20T00:19:56 CET" name="stadion_bvb" finished-at="2022-02-20T00:19:57 CET" duration-ms="357" status="PASS">
          <reporter-output>
          </reporter-output>
        </test-method> <!-- stadion_bvb -->
        <test-method signature="stadion_f95()[pri:0, instance:meri.kiran.stadionWeather@63021689]" started-at="2022-02-20T00:19:57 CET" name="stadion_f95" finished-at="2022-02-20T00:19:57 CET" duration-ms="414" status="PASS">
          <reporter-output>
          </reporter-output>
        </test-method> <!-- stadion_f95 -->
      </class> <!-- meri.kiran.stadionWeather -->
    </test> <!-- Test -->
  </suite> <!-- Suite -->
</testng-results>
