<?xml version="1.0" encoding="UTF-8"?>
<testng-results ignored="0" total="1" passed="1" failed="0" skipped="0">
  <reporter-output>
  </reporter-output>
  <suite started-at="2022-02-21T00:35:34 CET" name="Suite" finished-at="2022-02-21T00:35:41 CET" duration-ms="7218">
    <groups>
    </groups>
    <test started-at="2022-02-21T00:35:34 CET" name="Test" finished-at="2022-02-21T00:35:41 CET" duration-ms="7218">
      <class name="meri.kiran.germanZipCoder">
        <test-method signature="zipSeries_Deutschland()[pri:0, instance:meri.kiran.germanZipCoder@1c93084c]" started-at="2022-02-21T00:35:34 CET" name="zipSeries_Deutschland" finished-at="2022-02-21T00:35:41 CET" duration-ms="7184" status="PASS">
          <reporter-output>
          </reporter-output>
        </test-method> <!-- zipSeries_Deutschland -->
      </class> <!-- meri.kiran.germanZipCoder -->
    </test> <!-- Test -->
  </suite> <!-- Suite -->
</testng-results>
