<?xml version="1.0" encoding="UTF-8"?>
<testng-results ignored="2" total="3" passed="1" failed="0" skipped="0">
  <reporter-output>
  </reporter-output>
  <suite started-at="2022-02-22T23:21:30 CET" name="Suite" finished-at="2022-02-22T23:21:34 CET" duration-ms="4232">
    <groups>
    </groups>
    <test started-at="2022-02-22T23:21:30 CET" name="Test" finished-at="2022-02-22T23:21:34 CET" duration-ms="4232">
      <class name="meri.kiran.indianZipCoder">
        <test-method signature="zipSeries_Chennai(int)[pri:0, instance:meri.kiran.indianZipCoder@35047d03]" started-at="2022-02-22T23:21:30 CET" name="zipSeries_Chennai" finished-at="2022-02-22T23:21:34 CET" duration-ms="4188" status="PASS">
          <params>
            <param index="0">
              <value>
                <![CDATA[5]]>
              </value>
            </param>
          </params>
          <reporter-output>
          </reporter-output>
        </test-method> <!-- zipSeries_Chennai -->
      </class> <!-- meri.kiran.indianZipCoder -->
    </test> <!-- Test -->
  </suite> <!-- Suite -->
</testng-results>
