<?xml version="1.0" encoding="UTF-8"?>
<testng-results ignored="0" total="2" passed="2" failed="0" skipped="0">
  <reporter-output>
  </reporter-output>
  <suite started-at="2022-06-12T00:46:07 CEST" name="Suite" finished-at="2022-06-12T00:46:47 CEST" duration-ms="39608">
    <groups>
    </groups>
    <test started-at="2022-06-12T00:46:07 CEST" name="Test" finished-at="2022-06-12T00:46:47 CEST" duration-ms="39608">
      <class name="meri.kiran.vini">
        <test-method signature="e2e(java.lang.String,java.lang.String)[pri:0, instance:meri.kiran.vini@470f1802]" started-at="2022-06-12T00:46:07 CEST" name="e2e" data-provider="singleData" finished-at="2022-06-12T00:46:27 CEST" duration-ms="19873" status="PASS">
          <params>
            <param index="0">
              <value>
                <![CDATA[Interlaken,CH]]>
              </value>
            </param>
            <param index="1">
              <value>
                <![CDATA[Group A]]>
              </value>
            </param>
          </params>
          <reporter-output>
          </reporter-output>
        </test-method> <!-- e2e -->
        <test-method signature="e2e(java.lang.String,java.lang.String)[pri:0, instance:meri.kiran.vini@470f1802]" started-at="2022-06-12T00:46:27 CEST" name="e2e" data-provider="singleData" finished-at="2022-06-12T00:46:47 CEST" duration-ms="19706" status="PASS">
          <params>
            <param index="0">
              <value>
                <![CDATA[Interlaken,CA]]>
              </value>
            </param>
            <param index="1">
              <value>
                <![CDATA[Group B]]>
              </value>
            </param>
          </params>
          <reporter-output>
          </reporter-output>
        </test-method> <!-- e2e -->
      </class> <!-- meri.kiran.vini -->
    </test> <!-- Test -->
  </suite> <!-- Suite -->
</testng-results>
