<?xml version="1.0" encoding="UTF-8"?>
<testsuite xmlns:xsi="http://www.w3.org/2001/XMLSchema-instance" xsi:noNamespaceSchemaLocation="https://maven.apache.org/surefire/maven-surefire-plugin/xsd/surefire-test-report-3.0.xsd" version="3.0" name="TestSuite" time="9.105" tests="18" errors="0" skipped="0" failures="0">
  <properties>
[...]
</properties>
  <testcase name="dataProbhiderAPI[Kiel, EuropaLeague](1)" classname="meri.kiran.vini" time="2.502">
    <system-out><![CDATA[ place Kiel
 inside ReusableBall method 
Raw date is   1654528205
 beutified date is  Mon Jun 06 17:10:05 CEST 2022
extracted place for  ZipCode 1654528205 is                  Kiel
in


                      weatherCode n Desc are    803 n broken clouds

                               Latitude is    54.3213

                               Longitude  is    10.1349

                                the  Nation of    DE



                                currentTemp   21.05	wind speed -   6.17

]]></system-out>
  </testcase>
  <testcase name="dataProbhiderAPI[Rostock, EuropaLeague](2)" classname="meri.kiran.vini" time="0.426">
    <system-out><![CDATA[ place Rostock
 inside ReusableBall method 
Raw date is   1654528342
 beutified date is  Mon Jun 06 17:12:22 CEST 2022
extracted place for  ZipCode 1654528342 is                  Rostock
in


                      weatherCode n Desc are    500 n light rain

                               Latitude is    54.0887

                               Longitude  is    12.1405

                                the  Nation of    DE



                                currentTemp   21.45	wind speed -   2.61

]]></system-out>
  </testcase>
  <testcase name="dataProbhiderAPI[Hamburg, EuropaLeague](3)" classname="meri.kiran.vini" time="0.439">
    <system-out><![CDATA[ place Hamburg
 inside ReusableBall method 
Raw date is   1654528295
 beutified date is  Mon Jun 06 17:11:35 CEST 2022
extracted place for  ZipCode 1654528295 is                  Hamburg
in


                      weatherCode n Desc are    800 n clear sky

                               Latitude is    53.55

                               Longitude  is    10

                                the  Nation of    DE



                                currentTemp   21.26	wind speed -   6.17

]]></system-out>
  </testcase>
  <testcase name="dataProbhiderAPI[St. Pauli, UCL](4)" classname="meri.kiran.vini" time="0.487">
    <system-out><![CDATA[ place St. Pauli
 inside ReusableBall method 
Raw date is   1654528492
 beutified date is  Mon Jun 06 17:14:52 CEST 2022
extracted place for  ZipCode 1654528492 is                  St. Pauli
in


                      weatherCode n Desc are    800 n clear sky

                               Latitude is    53.557

                               Longitude  is    9.964

                                the  Nation of    DE



                                currentTemp   21.26	wind speed -   6.17

]]></system-out>
  </testcase>
  <testcase name="dataProbhiderAPI[Magdeburg, UCL](5)" classname="meri.kiran.vini" time="0.293">
    <system-out><![CDATA[ place Magdeburg
 inside ReusableBall method 
Raw date is   1654528493
 beutified date is  Mon Jun 06 17:14:53 CEST 2022
extracted place for  ZipCode 1654528493 is                  Magdeburg
in


                      weatherCode n Desc are    803 n broken clouds

                               Latitude is    52.1667

                               Longitude  is    11.6667

                                the  Nation of    DE



                                currentTemp   20.52	wind speed -   3.78

]]></system-out>
  </testcase>
  <testcase name="dataProbhiderAPI[Furth, UCL](6)" classname="meri.kiran.vini" time="0.342">
    <system-out><![CDATA[ place Furth
 inside ReusableBall method 
Raw date is   1654528342
 beutified date is  Mon Jun 06 17:12:22 CEST 2022
extracted place for  ZipCode 1654528342 is                  Fürth
in


                      weatherCode n Desc are    800 n clear sky

                               Latitude is    49.4759

                               Longitude  is    10.9886

                                the  Nation of    DE



                                currentTemp   21.16	wind speed -   1.54

]]></system-out>
  </testcase>
  <testcase name="dataProbhiderAPI[Nuremberg, EuropaLeague](7)" classname="meri.kiran.vini" time="0.331">
    <system-out><![CDATA[ place Nuremberg
 inside ReusableBall method 
Raw date is   1654528340
 beutified date is  Mon Jun 06 17:12:20 CEST 2022
extracted place for  ZipCode 1654528340 is                  Nuremberg
in


                      weatherCode n Desc are    800 n clear sky

                               Latitude is    49.4478

                               Longitude  is    11.0683

                                the  Nation of    DE



                                currentTemp   21.06	wind speed -   1.54

]]></system-out>
  </testcase>
  <testcase name="dataProbhiderAPI[Regensburg, EuropaLeague](8)" classname="meri.kiran.vini" time="0.493">
    <system-out><![CDATA[ place Regensburg
 inside ReusableBall method 
Raw date is   1654528494
 beutified date is  Mon Jun 06 17:14:54 CEST 2022
extracted place for  ZipCode 1654528494 is                  Regensburg
in


                      weatherCode n Desc are    804 n overcast clouds

                               Latitude is    49.015

                               Longitude  is    12.0956

                                the  Nation of    DE



                                currentTemp   23.83	wind speed -   2.52

]]></system-out>
  </testcase>
  <testcase name="dataProbhiderAPI[Heidenheim, EuropaLeague](9)" classname="meri.kiran.vini" time="0.273">
    <system-out><![CDATA[ place Heidenheim
 inside ReusableBall method 
Raw date is   1654528494
 beutified date is  Mon Jun 06 17:14:54 CEST 2022
extracted place for  ZipCode 1654528494 is                  Heidenheim
in


                      weatherCode n Desc are    804 n overcast clouds

                               Latitude is    48.678

                               Longitude  is    10.1516

                                the  Nation of    DE



                                currentTemp   21.44	wind speed -   3.44

]]></system-out>
  </testcase>
  <testcase name="dataProbhiderAPI[Sandhausen, UCL](10)" classname="meri.kiran.vini" time="0.417">
    <system-out><![CDATA[ place Sandhausen
 inside ReusableBall method 
Raw date is   1654528495
 beutified date is  Mon Jun 06 17:14:55 CEST 2022
extracted place for  ZipCode 1654528495 is                  Sandhausen
in


                      weatherCode n Desc are    800 n clear sky

                               Latitude is    49.3428

                               Longitude  is    8.6592

                                the  Nation of    DE



                                currentTemp   23.0	wind speed -   5.14

]]></system-out>
  </testcase>
  <testcase name="dataProbhiderAPI[Karlsruhe, UCL](11)" classname="meri.kiran.vini" time="0.358">
    <system-out><![CDATA[ place Karlsruhe
 inside ReusableBall method 
Raw date is   1654528264
 beutified date is  Mon Jun 06 17:11:04 CEST 2022
extracted place for  ZipCode 1654528264 is                  Karlsruhe
in


                      weatherCode n Desc are    804 n overcast clouds

                               Latitude is    49.0047

                               Longitude  is    8.3858

                                the  Nation of    DE



                                currentTemp   22.07	wind speed -   0.45

]]></system-out>
  </testcase>
  <testcase name="dataProbhiderAPI[kaiserslautern, UCL](12)" classname="meri.kiran.vini" time="0.358">
    <system-out><![CDATA[ place kaiserslautern
 inside ReusableBall method 
Raw date is   1654528496
 beutified date is  Mon Jun 06 17:14:56 CEST 2022
extracted place for  ZipCode 1654528496 is                  Kaiserslautern
in


                      weatherCode n Desc are    803 n broken clouds

                               Latitude is    49.45

                               Longitude  is    7.75

                                the  Nation of    DE



                                currentTemp   21.5	wind speed -   4.95

]]></system-out>
  </testcase>
  <testcase name="dataProbhiderAPI[Darmstadt, UCL](13)" classname="meri.kiran.vini" time="0.313">
    <system-out><![CDATA[ place Darmstadt
 inside ReusableBall method 
Raw date is   1654528273
 beutified date is  Mon Jun 06 17:11:13 CEST 2022
extracted place for  ZipCode 1654528273 is                  Regierungsbezirk Darmstadt
in


                      weatherCode n Desc are    803 n broken clouds

                               Latitude is    49.8333

                               Longitude  is    8.6667

                                the  Nation of    DE



                                currentTemp   23.29	wind speed -   4.6

]]></system-out>
  </testcase>
  <testcase name="dataProbhiderAPI[Dusseldorf, UCL](14)" classname="meri.kiran.vini" time="0.642">
    <system-out><![CDATA[ place Dusseldorf
 inside ReusableBall method 
Raw date is   1654528315
 beutified date is  Mon Jun 06 17:11:55 CEST 2022
extracted place for  ZipCode 1654528315 is                  Düsseldorf
in


                      weatherCode n Desc are    800 n clear sky

                               Latitude is    51.2217

                               Longitude  is    6.7762

                                the  Nation of    DE



                                currentTemp   21.01	wind speed -   8.75

]]></system-out>
  </testcase>
  <testcase name="dataProbhiderAPI[Paderborn, EuropaLeague](15)" classname="meri.kiran.vini" time="0.097">
    <system-out><![CDATA[ place Paderborn
 inside ReusableBall method 
Raw date is   1654528362
 beutified date is  Mon Jun 06 17:12:42 CEST 2022
extracted place for  ZipCode 1654528362 is                  Paderborn
in


                      weatherCode n Desc are    800 n clear sky

                               Latitude is    51.7191

                               Longitude  is    8.7544

                                the  Nation of    DE



                                currentTemp   21.25	wind speed -   7.72

]]></system-out>
  </testcase>
  <testcase name="dataProbhiderAPI[Bielefeld, EuropaLeague](16)" classname="meri.kiran.vini" time="0.332">
    <system-out><![CDATA[ place Bielefeld
 inside ReusableBall method 
Raw date is   1654528277
 beutified date is  Mon Jun 06 17:11:17 CEST 2022
extracted place for  ZipCode 1654528277 is                  Bielefeld
in


                      weatherCode n Desc are    803 n broken clouds

                               Latitude is    52.0333

                               Longitude  is    8.5333

                                the  Nation of    DE



                                currentTemp   20.33	wind speed -   0.89

]]></system-out>
  </testcase>
  <testcase name="dataProbhiderAPI[Hannover, EuropaLeague](17)" classname="meri.kiran.vini" time="0.334">
    <system-out><![CDATA[ place Hannover
 inside ReusableBall method 
Raw date is   1654528261
 beutified date is  Mon Jun 06 17:11:01 CEST 2022
extracted place for  ZipCode 1654528261 is                  Hanover
in


                      weatherCode n Desc are    803 n broken clouds

                               Latitude is    52.3705

                               Longitude  is    9.7332

                                the  Nation of    DE



                                currentTemp   20.41	wind speed -   0.45

]]></system-out>
  </testcase>
  <testcase name="dataProbhiderAPI[Braunschweig, UCL](18)" classname="meri.kiran.vini" time="0.314">
    <system-out><![CDATA[ place Braunschweig
 inside ReusableBall method 
Raw date is   1654528253
 beutified date is  Mon Jun 06 17:10:53 CEST 2022
extracted place for  ZipCode 1654528253 is                  Braunschweig
in


                      weatherCode n Desc are    500 n light rain

                               Latitude is    52.2667

                               Longitude  is    10.5333

                                the  Nation of    DE



                                currentTemp   19.66	wind speed -   3.6

]]></system-out>
  </testcase>
</testsuite>