<?xml version="1.0" encoding="UTF-8"?>
<testsuite xmlns:xsi="http://www.w3.org/2001/XMLSchema-instance" xsi:noNamespaceSchemaLocation="https://maven.apache.org/surefire/maven-surefire-plugin/xsd/surefire-test-report-3.0.xsd" version="3.0" name="TestSuite" time="16.481" tests="42" errors="0" skipped="0" failures="42">
  <properties>
[...]
</properties>
  <testcase name="ASIAN_2023_Qualifier[Kuwait City, Group A](1)" classname="meri.kiran.vini" time="2.12">
    <failure message="expected [above Limit set for Kuwait City,KW at  0 degree] but found [40.01]" type="java.lang.AssertionError"><![CDATA[java.lang.AssertionError: expected [above Limit set for Kuwait City,KW at  0 degree] but found [40.01]
	at meri.kiran.vini.ASIAN_2023_Qualifier(vini.java:116)
]]></failure>
    <system-out><![CDATA[ place Kuwait City
 inside ReusableBall method 
Raw date is   1655048342
 beutified date is  Sun Jun 12 17:39:02 CEST 2022
extracted place for  ZipCode 1655048342 is                  Kuwait City
in


                      weatherCode n Desc are    761 n dust

                               Latitude is    29.3697

                               Longitude  is    47.9783

                                the  Nation of    KW



                                currentTemp   40.01	wind speed -   8.75

     test case failed  for Kuwait City
]]></system-out>
  </testcase>
  <testcase name="ASIAN_2023_Qualifier[Ulaanbaatar, Group B](2)" classname="meri.kiran.vini" time="0.355">
    <failure message="expected [above Limit set for Ulaanbaatar,MN at  0 degree] but found [9.07]" type="java.lang.AssertionError"><![CDATA[java.lang.AssertionError: expected [above Limit set for Ulaanbaatar,MN at  0 degree] but found [9.07]
	at meri.kiran.vini.ASIAN_2023_Qualifier(vini.java:116)
]]></failure>
    <system-out><![CDATA[ place Ulaanbaatar
 inside ReusableBall method 
Raw date is   1655048576
 beutified date is  Sun Jun 12 17:42:56 CEST 2022
extracted place for  ZipCode 1655048576 is                  Ulaanbaatar
in


                      weatherCode n Desc are    800 n clear sky

                               Latitude is    47.9077

                               Longitude  is    106.8832

                                the  Nation of    MN



                                currentTemp   9.07	wind speed -   2

     test case failed  for Ulaanbaatar
]]></system-out>
  </testcase>
  <testcase name="ASIAN_2023_Qualifier[Namangan, Group C](3)" classname="meri.kiran.vini" time="0.411">
    <failure message="expected [above Limit set for Namangan,UZ at  0 degree] but found [27.25]" type="java.lang.AssertionError"><![CDATA[java.lang.AssertionError: expected [above Limit set for Namangan,UZ at  0 degree] but found [27.25]
	at meri.kiran.vini.ASIAN_2023_Qualifier(vini.java:116)
]]></failure>
    <system-out><![CDATA[ place Namangan
 inside ReusableBall method 
Raw date is   1655048576
 beutified date is  Sun Jun 12 17:42:56 CEST 2022
extracted place for  ZipCode 1655048576 is                  Namangan
in


                      weatherCode n Desc are    801 n few clouds

                               Latitude is    40.9983

                               Longitude  is    71.6726

                                the  Nation of    UZ



                                currentTemp   27.25	wind speed -   2.06

     test case failed  for Namangan
]]></system-out>
  </testcase>
  <testcase name="ASIAN_2023_Qualifier[Kolkata, Group D](4)" classname="meri.kiran.vini" time="0.358">
    <failure message="expected [above Limit set for Kolkata,IN at  0 degree] but found [30.97]" type="java.lang.AssertionError"><![CDATA[java.lang.AssertionError: expected [above Limit set for Kolkata,IN at  0 degree] but found [30.97]
	at meri.kiran.vini.ASIAN_2023_Qualifier(vini.java:116)
]]></failure>
    <system-out><![CDATA[ place Kolkata
 inside ReusableBall method 
Raw date is   1655048378
 beutified date is  Sun Jun 12 17:39:38 CEST 2022
extracted place for  ZipCode 1655048378 is                  Kolkata
in


                      weatherCode n Desc are    721 n haze

                               Latitude is    22.5697

                               Longitude  is    88.3697

                                the  Nation of    IN



                                currentTemp   30.97	wind speed -   5.14

     test case failed  for Kolkata
]]></system-out>
  </testcase>
  <testcase name="ASIAN_2023_Qualifier[kuala lumpur, Group E](5)" classname="meri.kiran.vini" time="0.322">
    <failure message="expected [above Limit set for Kuala Lumpur,MY at  0 degree] but found [27.49]" type="java.lang.AssertionError"><![CDATA[java.lang.AssertionError: expected [above Limit set for Kuala Lumpur,MY at  0 degree] but found [27.49]
	at meri.kiran.vini.ASIAN_2023_Qualifier(vini.java:116)
]]></failure>
    <system-out><![CDATA[ place kuala lumpur
 inside ReusableBall method 
Raw date is   1655048577
 beutified date is  Sun Jun 12 17:42:57 CEST 2022
extracted place for  ZipCode 1655048577 is                  Kuala Lumpur
in


                      weatherCode n Desc are    801 n few clouds

                               Latitude is    3.1431

                               Longitude  is    101.6865

                                the  Nation of    MY



                                currentTemp   27.49	wind speed -   0.51

     test case failed  for Kuala Lumpur
]]></system-out>
  </testcase>
  <testcase name="ASIAN_2023_Qualifier[Bishkek, Group F](6)" classname="meri.kiran.vini" time="0.351">
    <failure message="expected [above Limit set for Bishkek,KG at  0 degree] but found [23.11]" type="java.lang.AssertionError"><![CDATA[java.lang.AssertionError: expected [above Limit set for Bishkek,KG at  0 degree] but found [23.11]
	at meri.kiran.vini.ASIAN_2023_Qualifier(vini.java:116)
]]></failure>
    <system-out><![CDATA[ place Bishkek
 inside ReusableBall method 
Raw date is   1655048459
 beutified date is  Sun Jun 12 17:40:59 CEST 2022
extracted place for  ZipCode 1655048459 is                  Bishkek
in


                      weatherCode n Desc are    804 n overcast clouds

                               Latitude is    42.87

                               Longitude  is    74.59

                                the  Nation of    KG



                                currentTemp   23.11	wind speed -   3.26

     test case failed  for Bishkek
]]></system-out>
  </testcase>
  <testcase name="Bundesliga[Spandau, Berlin](1)" classname="meri.kiran.vini" time="0.367">
    <failure message="expected [above Limit set for Spandau,DE at  0 degree] but found [26.47]" type="java.lang.AssertionError"><![CDATA[java.lang.AssertionError: expected [above Limit set for Spandau,DE at  0 degree] but found [26.47]
	at meri.kiran.vini.Bundesliga(vini.java:136)
]]></failure>
    <system-out><![CDATA[ place Spandau
 inside ReusableBall method 
Raw date is   1655048135
 beutified date is  Sun Jun 12 17:35:35 CEST 2022
extracted place for  ZipCode 1655048135 is                  Spandau
in


                      weatherCode n Desc are    804 n overcast clouds

                               Latitude is    52.5511

                               Longitude  is    13.1992

                                the  Nation of    DE



                                currentTemp   26.47	wind speed -   5.29

     test case failed  for Spandau
]]></system-out>
  </testcase>
  <testcase name="Bundesliga[treptow, Berlin](2)" classname="meri.kiran.vini" time="0.316">
    <failure message="expected [above Limit set for Berlin Treptow,DE at  0 degree] but found [26.14]" type="java.lang.AssertionError"><![CDATA[java.lang.AssertionError: expected [above Limit set for Berlin Treptow,DE at  0 degree] but found [26.14]
	at meri.kiran.vini.Bundesliga(vini.java:136)
]]></failure>
    <system-out><![CDATA[ place treptow
 inside ReusableBall method 
Raw date is   1655048315
 beutified date is  Sun Jun 12 17:38:35 CEST 2022
extracted place for  ZipCode 1655048315 is                  Berlin Treptow
in


                      weatherCode n Desc are    800 n clear sky

                               Latitude is    52.4938

                               Longitude  is    13.4447

                                the  Nation of    DE



                                currentTemp   26.14	wind speed -   5.81

     test case failed  for Berlin Treptow
]]></system-out>
  </testcase>
  <testcase name="Bundesliga[Bremen, Nord](3)" classname="meri.kiran.vini" time="0.292">
    <failure message="expected [above Limit set for Bremen,DE at  0 degree] but found [22.05]" type="java.lang.AssertionError"><![CDATA[java.lang.AssertionError: expected [above Limit set for Bremen,DE at  0 degree] but found [22.05]
	at meri.kiran.vini.Bundesliga(vini.java:136)
]]></failure>
    <system-out><![CDATA[ place Bremen
 inside ReusableBall method 
Raw date is   1655048114
 beutified date is  Sun Jun 12 17:35:14 CEST 2022
extracted place for  ZipCode 1655048114 is                  Bremen
in


                      weatherCode n Desc are    800 n clear sky

                               Latitude is    53.0752

                               Longitude  is    8.8078

                                the  Nation of    DE



                                currentTemp   22.05	wind speed -   6.17

     test case failed  for Bremen
]]></system-out>
  </testcase>
  <testcase name="Bundesliga[Wolfsburg, NordZentral](4)" classname="meri.kiran.vini" time="0.34">
    <failure message="expected [above Limit set for Wolfsburg,DE at  0 degree] but found [24.93]" type="java.lang.AssertionError"><![CDATA[java.lang.AssertionError: expected [above Limit set for Wolfsburg,DE at  0 degree] but found [24.93]
	at meri.kiran.vini.Bundesliga(vini.java:136)
]]></failure>
    <system-out><![CDATA[ place Wolfsburg
 inside ReusableBall method 
Raw date is   1655048185
 beutified date is  Sun Jun 12 17:36:25 CEST 2022
extracted place for  ZipCode 1655048185 is                  Wolfsburg
in


                      weatherCode n Desc are    804 n overcast clouds

                               Latitude is    52.4333

                               Longitude  is    10.8

                                the  Nation of    DE



                                currentTemp   24.93	wind speed -   4.65

     test case failed  for Wolfsburg
]]></system-out>
  </testcase>
  <testcase name="Bundesliga[Leipzig, East](5)" classname="meri.kiran.vini" time="0.359">
    <failure message="expected [above Limit set for Leipzig,DE at  0 degree] but found [27.55]" type="java.lang.AssertionError"><![CDATA[java.lang.AssertionError: expected [above Limit set for Leipzig,DE at  0 degree] but found [27.55]
	at meri.kiran.vini.Bundesliga(vini.java:136)
]]></failure>
    <system-out><![CDATA[ place Leipzig
 inside ReusableBall method 
Raw date is   1655048241
 beutified date is  Sun Jun 12 17:37:21 CEST 2022
extracted place for  ZipCode 1655048241 is                  Leipzig
in


                      weatherCode n Desc are    800 n clear sky

                               Latitude is    51.342

                               Longitude  is    12.375

                                the  Nation of    DE



                                currentTemp   27.55	wind speed -   5.81

     test case failed  for Leipzig
]]></system-out>
  </testcase>
  <testcase name="Bundesliga[Munich, bayern](6)" classname="meri.kiran.vini" time="0.366">
    <failure message="expected [above Limit set for Munich,DE at  0 degree] but found [27.65]" type="java.lang.AssertionError"><![CDATA[java.lang.AssertionError: expected [above Limit set for Munich,DE at  0 degree] but found [27.65]
	at meri.kiran.vini.Bundesliga(vini.java:136)
]]></failure>
    <system-out><![CDATA[ place Munich
 inside ReusableBall method 
Raw date is   1655048234
 beutified date is  Sun Jun 12 17:37:14 CEST 2022
extracted place for  ZipCode 1655048234 is                  Munich
in


                      weatherCode n Desc are    800 n clear sky

                               Latitude is    48.1374

                               Longitude  is    11.5755

                                the  Nation of    DE



                                currentTemp   27.65	wind speed -   0.45

     test case failed  for Munich
]]></system-out>
  </testcase>
  <testcase name="Bundesliga[Augsburg, bayern](7)" classname="meri.kiran.vini" time="0.352">
    <failure message="expected [above Limit set for Augsburg,DE at  0 degree] but found [27.83]" type="java.lang.AssertionError"><![CDATA[java.lang.AssertionError: expected [above Limit set for Augsburg,DE at  0 degree] but found [27.83]
	at meri.kiran.vini.Bundesliga(vini.java:136)
]]></failure>
    <system-out><![CDATA[ place Augsburg
 inside ReusableBall method 
Raw date is   1655048163
 beutified date is  Sun Jun 12 17:36:03 CEST 2022
extracted place for  ZipCode 1655048163 is                  Augsburg
in


                      weatherCode n Desc are    500 n light rain

                               Latitude is    48.3667

                               Longitude  is    10.8833

                                the  Nation of    DE



                                currentTemp   27.83	wind speed -   1.54

     test case failed  for Augsburg
]]></system-out>
  </testcase>
  <testcase name="Bundesliga[stuttgart, SouthWest](8)" classname="meri.kiran.vini" time="0.328">
    <failure message="expected [above Limit set for Stuttgart,DE at  0 degree] but found [28.26]" type="java.lang.AssertionError"><![CDATA[java.lang.AssertionError: expected [above Limit set for Stuttgart,DE at  0 degree] but found [28.26]
	at meri.kiran.vini.Bundesliga(vini.java:136)
]]></failure>
    <system-out><![CDATA[ place stuttgart
 inside ReusableBall method 
Raw date is   1655048174
 beutified date is  Sun Jun 12 17:36:14 CEST 2022
extracted place for  ZipCode 1655048174 is                  Stuttgart
in


                      weatherCode n Desc are    800 n clear sky

                               Latitude is    48.7823

                               Longitude  is    9.177

                                the  Nation of    DE



                                currentTemp   28.26	wind speed -   3.6

     test case failed  for Stuttgart
]]></system-out>
  </testcase>
  <testcase name="Bundesliga[Freiburg im Breisgau, EuropaLeague](9)" classname="meri.kiran.vini" time="0.331">
    <failure message="expected [above Limit set for Freiburg,DE at  0 degree] but found [29.79]" type="java.lang.AssertionError"><![CDATA[java.lang.AssertionError: expected [above Limit set for Freiburg,DE at  0 degree] but found [29.79]
	at meri.kiran.vini.Bundesliga(vini.java:136)
]]></failure>
    <system-out><![CDATA[ place Freiburg im Breisgau
 inside ReusableBall method 
Raw date is   1655048393
 beutified date is  Sun Jun 12 17:39:53 CEST 2022
extracted place for  ZipCode 1655048393 is                  Freiburg
in


                      weatherCode n Desc are    800 n clear sky

                               Latitude is    47.9959

                               Longitude  is    7.8522

                                the  Nation of    DE



                                currentTemp   29.79	wind speed -   3.26

     test case failed  for Freiburg
]]></system-out>
  </testcase>
  <testcase name="Bundesliga[Hoffenheim, Sinsheim](10)" classname="meri.kiran.vini" time="0.341">
    <failure message="expected [above Limit set for Hoffenheim,DE at  0 degree] but found [27.58]" type="java.lang.AssertionError"><![CDATA[java.lang.AssertionError: expected [above Limit set for Hoffenheim,DE at  0 degree] but found [27.58]
	at meri.kiran.vini.Bundesliga(vini.java:136)
]]></failure>
    <system-out><![CDATA[ place Hoffenheim
 inside ReusableBall method 
Raw date is   1655048390
 beutified date is  Sun Jun 12 17:39:50 CEST 2022
extracted place for  ZipCode 1655048390 is                  Hoffenheim
in


                      weatherCode n Desc are    803 n broken clouds

                               Latitude is    49.2726

                               Longitude  is    8.8426

                                the  Nation of    DE



                                currentTemp   27.58	wind speed -   1.95

     test case failed  for Hoffenheim
]]></system-out>
  </testcase>
  <testcase name="Bundesliga[cologne, UCL](11)" classname="meri.kiran.vini" time="0.316">
    <failure message="expected [above Limit set for Cologne,DE at  0 degree] but found [24.2]" type="java.lang.AssertionError"><![CDATA[java.lang.AssertionError: expected [above Limit set for Cologne,DE at  0 degree] but found [24.2]
	at meri.kiran.vini.Bundesliga(vini.java:136)
]]></failure>
    <system-out><![CDATA[ place cologne
 inside ReusableBall method 
Raw date is   1655048286
 beutified date is  Sun Jun 12 17:38:06 CEST 2022
extracted place for  ZipCode 1655048286 is                  Cologne
in


                      weatherCode n Desc are    800 n clear sky

                               Latitude is    50.9333

                               Longitude  is    6.95

                                the  Nation of    DE



                                currentTemp   24.2	wind speed -   4.63

     test case failed  for Cologne
]]></system-out>
  </testcase>
  <testcase name="Bundesliga[dortmund, UCL](12)" classname="meri.kiran.vini" time="0.318">
    <failure message="expected [above Limit set for Dortmund,DE at  0 degree] but found [23.01]" type="java.lang.AssertionError"><![CDATA[java.lang.AssertionError: expected [above Limit set for Dortmund,DE at  0 degree] but found [23.01]
	at meri.kiran.vini.Bundesliga(vini.java:136)
]]></failure>
    <system-out><![CDATA[ place dortmund
 inside ReusableBall method 
Raw date is   1655048103
 beutified date is  Sun Jun 12 17:35:03 CEST 2022
extracted place for  ZipCode 1655048103 is                  Dortmund
in


                      weatherCode n Desc are    803 n broken clouds

                               Latitude is    51.5167

                               Longitude  is    7.45

                                the  Nation of    DE



                                currentTemp   23.01	wind speed -   1.34

     test case failed  for Dortmund
]]></system-out>
  </testcase>
  <testcase name="Bundesliga[Frankfurt, UCL](13)" classname="meri.kiran.vini" time="0.312">
    <failure message="expected [above Limit set for Frankfurt am Main,DE at  0 degree] but found [28.57]" type="java.lang.AssertionError"><![CDATA[java.lang.AssertionError: expected [above Limit set for Frankfurt am Main,DE at  0 degree] but found [28.57]
	at meri.kiran.vini.Bundesliga(vini.java:136)
]]></failure>
    <system-out><![CDATA[ place Frankfurt
 inside ReusableBall method 
Raw date is   1655048138
 beutified date is  Sun Jun 12 17:35:38 CEST 2022
extracted place for  ZipCode 1655048138 is                  Frankfurt am Main
in


                      weatherCode n Desc are    800 n clear sky

                               Latitude is    50.1167

                               Longitude  is    8.6833

                                the  Nation of    DE



                                currentTemp   28.57	wind speed -   4.63

     test case failed  for Frankfurt am Main
]]></system-out>
  </testcase>
  <testcase name="Bundesliga[Mainz, UCL](14)" classname="meri.kiran.vini" time="0.395">
    <failure message="expected [above Limit set for Mainz,DE at  0 degree] but found [28.53]" type="java.lang.AssertionError"><![CDATA[java.lang.AssertionError: expected [above Limit set for Mainz,DE at  0 degree] but found [28.53]
	at meri.kiran.vini.Bundesliga(vini.java:136)
]]></failure>
    <system-out><![CDATA[ place Mainz
 inside ReusableBall method 
Raw date is   1655048305
 beutified date is  Sun Jun 12 17:38:25 CEST 2022
extracted place for  ZipCode 1655048305 is                  Mainz
in


                      weatherCode n Desc are    800 n clear sky

                               Latitude is    50

                               Longitude  is    8.2711

                                the  Nation of    DE



                                currentTemp   28.53	wind speed -   5.14

     test case failed  for Mainz
]]></system-out>
  </testcase>
  <testcase name="Bundesliga[Gelsenkirchen, NRW](15)" classname="meri.kiran.vini" time="0.345">
    <failure message="expected [above Limit set for Gelsenkirchen,DE at  0 degree] but found [23.64]" type="java.lang.AssertionError"><![CDATA[java.lang.AssertionError: expected [above Limit set for Gelsenkirchen,DE at  0 degree] but found [23.64]
	at meri.kiran.vini.Bundesliga(vini.java:136)
]]></failure>
    <system-out><![CDATA[ place Gelsenkirchen
 inside ReusableBall method 
Raw date is   1655048262
 beutified date is  Sun Jun 12 17:37:42 CEST 2022
extracted place for  ZipCode 1655048262 is                  Gelsenkirchen
in


                      weatherCode n Desc are    804 n overcast clouds

                               Latitude is    51.5167

                               Longitude  is    7.05

                                the  Nation of    DE



                                currentTemp   23.64	wind speed -   1.79

     test case failed  for Gelsenkirchen
]]></system-out>
  </testcase>
  <testcase name="Bundesliga[Monchengladbach, NRW](16)" classname="meri.kiran.vini" time="0.289">
    <failure message="expected [above Limit set for Mönchengladbach,DE at  0 degree] but found [23.17]" type="java.lang.AssertionError"><![CDATA[java.lang.AssertionError: expected [above Limit set for Mönchengladbach,DE at  0 degree] but found [23.17]
	at meri.kiran.vini.Bundesliga(vini.java:136)
]]></failure>
    <system-out><![CDATA[ place Monchengladbach
 inside ReusableBall method 
Raw date is   1655048162
 beutified date is  Sun Jun 12 17:36:02 CEST 2022
extracted place for  ZipCode 1655048162 is                  Mönchengladbach
in


                      weatherCode n Desc are    800 n clear sky

                               Latitude is    51.2

                               Longitude  is    6.4333

                                the  Nation of    DE



                                currentTemp   23.17	wind speed -   2.57

     test case failed  for Mönchengladbach
]]></system-out>
  </testcase>
  <testcase name="Bundesliga[bochum, NRW](17)" classname="meri.kiran.vini" time="0.358">
    <failure message="expected [above Limit set for Bochum,DE at  0 degree] but found [23.24]" type="java.lang.AssertionError"><![CDATA[java.lang.AssertionError: expected [above Limit set for Bochum,DE at  0 degree] but found [23.24]
	at meri.kiran.vini.Bundesliga(vini.java:136)
]]></failure>
    <system-out><![CDATA[ place bochum
 inside ReusableBall method 
Raw date is   1655048229
 beutified date is  Sun Jun 12 17:37:09 CEST 2022
extracted place for  ZipCode 1655048229 is                  Bochum
in


                      weatherCode n Desc are    803 n broken clouds

                               Latitude is    51.4833

                               Longitude  is    7.2167

                                the  Nation of    DE



                                currentTemp   23.24	wind speed -   1.79

     test case failed  for Bochum
]]></system-out>
  </testcase>
  <testcase name="Bundesliga[Leverkusen, NRW](18)" classname="meri.kiran.vini" time="0.331">
    <failure message="expected [above Limit set for Leverkusen,DE at  0 degree] but found [23.66]" type="java.lang.AssertionError"><![CDATA[java.lang.AssertionError: expected [above Limit set for Leverkusen,DE at  0 degree] but found [23.66]
	at meri.kiran.vini.Bundesliga(vini.java:136)
]]></failure>
    <system-out><![CDATA[ place Leverkusen
 inside ReusableBall method 
Raw date is   1655048286
 beutified date is  Sun Jun 12 17:38:06 CEST 2022
extracted place for  ZipCode 1655048286 is                  Leverkusen
in


                      weatherCode n Desc are    802 n scattered clouds

                               Latitude is    51.0333

                               Longitude  is    7

                                the  Nation of    DE



                                currentTemp   23.66	wind speed -   4.04

     test case failed  for Leverkusen
]]></system-out>
  </testcase>
  <testcase name="dataProbhiderAPI[Kiel, EuropaLeague](1)" classname="meri.kiran.vini" time="0.323">
    <failure message="expected [above Limit set for Kiel,DE at  0 degree] but found [19.17]" type="java.lang.AssertionError"><![CDATA[java.lang.AssertionError: expected [above Limit set for Kiel,DE at  0 degree] but found [19.17]
	at meri.kiran.vini.dataProbhiderAPI(vini.java:96)
]]></failure>
    <system-out><![CDATA[ place Kiel
 inside ReusableBall method 
Raw date is   1655048107
 beutified date is  Sun Jun 12 17:35:07 CEST 2022
extracted place for  ZipCode 1655048107 is                  Kiel
in


                      weatherCode n Desc are    800 n clear sky

                               Latitude is    54.3213

                               Longitude  is    10.1349

                                the  Nation of    DE



                                currentTemp   19.17	wind speed -   6.17

     test case failed  for Kiel
]]></system-out>
  </testcase>
  <testcase name="dataProbhiderAPI[Rostock, EuropaLeague](2)" classname="meri.kiran.vini" time="0.407">
    <failure message="expected [above Limit set for Rostock,DE at  0 degree] but found [19.58]" type="java.lang.AssertionError"><![CDATA[java.lang.AssertionError: expected [above Limit set for Rostock,DE at  0 degree] but found [19.58]
	at meri.kiran.vini.dataProbhiderAPI(vini.java:96)
]]></failure>
    <system-out><![CDATA[ place Rostock
 inside ReusableBall method 
Raw date is   1655048393
 beutified date is  Sun Jun 12 17:39:53 CEST 2022
extracted place for  ZipCode 1655048393 is                  Rostock
in


                      weatherCode n Desc are    803 n broken clouds

                               Latitude is    54.0887

                               Longitude  is    12.1405

                                the  Nation of    DE



                                currentTemp   19.58	wind speed -   5.26

     test case failed  for Rostock
]]></system-out>
  </testcase>
  <testcase name="dataProbhiderAPI[Hamburg, EuropaLeague](3)" classname="meri.kiran.vini" time="0.323">
    <failure message="expected [above Limit set for Hamburg,DE at  0 degree] but found [20.05]" type="java.lang.AssertionError"><![CDATA[java.lang.AssertionError: expected [above Limit set for Hamburg,DE at  0 degree] but found [20.05]
	at meri.kiran.vini.dataProbhiderAPI(vini.java:96)
]]></failure>
    <system-out><![CDATA[ place Hamburg
 inside ReusableBall method 
Raw date is   1655048330
 beutified date is  Sun Jun 12 17:38:50 CEST 2022
extracted place for  ZipCode 1655048330 is                  Hamburg
in


                      weatherCode n Desc are    801 n few clouds

                               Latitude is    53.55

                               Longitude  is    10

                                the  Nation of    DE



                                currentTemp   20.05	wind speed -   6.69

     test case failed  for Hamburg
]]></system-out>
  </testcase>
  <testcase name="dataProbhiderAPI[St. Pauli, UCL](4)" classname="meri.kiran.vini" time="0.303">
    <failure message="expected [above Limit set for St. Pauli,DE at  0 degree] but found [20.03]" type="java.lang.AssertionError"><![CDATA[java.lang.AssertionError: expected [above Limit set for St. Pauli,DE at  0 degree] but found [20.03]
	at meri.kiran.vini.dataProbhiderAPI(vini.java:96)
]]></failure>
    <system-out><![CDATA[ place St. Pauli
 inside ReusableBall method 
Raw date is   1655048394
 beutified date is  Sun Jun 12 17:39:54 CEST 2022
extracted place for  ZipCode 1655048394 is                  St. Pauli
in


                      weatherCode n Desc are    801 n few clouds

                               Latitude is    53.557

                               Longitude  is    9.964

                                the  Nation of    DE



                                currentTemp   20.03	wind speed -   6.69

     test case failed  for St. Pauli
]]></system-out>
  </testcase>
  <testcase name="dataProbhiderAPI[Magdeburg, UCL](5)" classname="meri.kiran.vini" time="0.308">
    <failure message="expected [above Limit set for Magdeburg,DE at  0 degree] but found [25.57]" type="java.lang.AssertionError"><![CDATA[java.lang.AssertionError: expected [above Limit set for Magdeburg,DE at  0 degree] but found [25.57]
	at meri.kiran.vini.dataProbhiderAPI(vini.java:96)
]]></failure>
    <system-out><![CDATA[ place Magdeburg
 inside ReusableBall method 
Raw date is   1655048262
 beutified date is  Sun Jun 12 17:37:42 CEST 2022
extracted place for  ZipCode 1655048262 is                  Magdeburg
in


                      weatherCode n Desc are    803 n broken clouds

                               Latitude is    52.1667

                               Longitude  is    11.6667

                                the  Nation of    DE



                                currentTemp   25.57	wind speed -   1.34

     test case failed  for Magdeburg
]]></system-out>
  </testcase>
  <testcase name="dataProbhiderAPI[Furth, UCL](6)" classname="meri.kiran.vini" time="0.339">
    <failure message="expected [above Limit set for Fürth,DE at  0 degree] but found [28.95]" type="java.lang.AssertionError"><![CDATA[java.lang.AssertionError: expected [above Limit set for Fürth,DE at  0 degree] but found [28.95]
	at meri.kiran.vini.dataProbhiderAPI(vini.java:96)
]]></failure>
    <system-out><![CDATA[ place Furth
 inside ReusableBall method 
Raw date is   1655048394
 beutified date is  Sun Jun 12 17:39:54 CEST 2022
extracted place for  ZipCode 1655048394 is                  Fürth
in


                      weatherCode n Desc are    800 n clear sky

                               Latitude is    49.4759

                               Longitude  is    10.9886

                                the  Nation of    DE



                                currentTemp   28.95	wind speed -   4.12

     test case failed  for Fürth
]]></system-out>
  </testcase>
  <testcase name="dataProbhiderAPI[Nuremberg, EuropaLeague](7)" classname="meri.kiran.vini" time="0.319">
    <failure message="expected [above Limit set for Nuremberg,DE at  0 degree] but found [28.91]" type="java.lang.AssertionError"><![CDATA[java.lang.AssertionError: expected [above Limit set for Nuremberg,DE at  0 degree] but found [28.91]
	at meri.kiran.vini.dataProbhiderAPI(vini.java:96)
]]></failure>
    <system-out><![CDATA[ place Nuremberg
 inside ReusableBall method 
Raw date is   1655048163
 beutified date is  Sun Jun 12 17:36:03 CEST 2022
extracted place for  ZipCode 1655048163 is                  Nuremberg
in


                      weatherCode n Desc are    800 n clear sky

                               Latitude is    49.4478

                               Longitude  is    11.0683

                                the  Nation of    DE



                                currentTemp   28.91	wind speed -   4.12

     test case failed  for Nuremberg
]]></system-out>
  </testcase>
  <testcase name="dataProbhiderAPI[Regensburg, EuropaLeague](8)" classname="meri.kiran.vini" time="0.32">
    <failure message="expected [above Limit set for Regensburg,DE at  0 degree] but found [28.81]" type="java.lang.AssertionError"><![CDATA[java.lang.AssertionError: expected [above Limit set for Regensburg,DE at  0 degree] but found [28.81]
	at meri.kiran.vini.dataProbhiderAPI(vini.java:96)
]]></failure>
    <system-out><![CDATA[ place Regensburg
 inside ReusableBall method 
Raw date is   1655048265
 beutified date is  Sun Jun 12 17:37:45 CEST 2022
extracted place for  ZipCode 1655048265 is                  Regensburg
in


                      weatherCode n Desc are    802 n scattered clouds

                               Latitude is    49.015

                               Longitude  is    12.0956

                                the  Nation of    DE



                                currentTemp   28.81	wind speed -   0.45

     test case failed  for Regensburg
]]></system-out>
  </testcase>
  <testcase name="dataProbhiderAPI[Heidenheim, EuropaLeague](9)" classname="meri.kiran.vini" time="0.314">
    <failure message="expected [above Limit set for Heidenheim,DE at  0 degree] but found [23.71]" type="java.lang.AssertionError"><![CDATA[java.lang.AssertionError: expected [above Limit set for Heidenheim,DE at  0 degree] but found [23.71]
	at meri.kiran.vini.dataProbhiderAPI(vini.java:96)
]]></failure>
    <system-out><![CDATA[ place Heidenheim
 inside ReusableBall method 
Raw date is   1655048396
 beutified date is  Sun Jun 12 17:39:56 CEST 2022
extracted place for  ZipCode 1655048396 is                  Heidenheim
in


                      weatherCode n Desc are    500 n light rain

                               Latitude is    48.678

                               Longitude  is    10.1516

                                the  Nation of    DE



                                currentTemp   23.71	wind speed -   1.78

     test case failed  for Heidenheim
]]></system-out>
  </testcase>
  <testcase name="dataProbhiderAPI[Sandhausen, UCL](10)" classname="meri.kiran.vini" time="0.352">
    <failure message="expected [above Limit set for Sandhausen,DE at  0 degree] but found [29.01]" type="java.lang.AssertionError"><![CDATA[java.lang.AssertionError: expected [above Limit set for Sandhausen,DE at  0 degree] but found [29.01]
	at meri.kiran.vini.dataProbhiderAPI(vini.java:96)
]]></failure>
    <system-out><![CDATA[ place Sandhausen
 inside ReusableBall method 
Raw date is   1655048396
 beutified date is  Sun Jun 12 17:39:56 CEST 2022
extracted place for  ZipCode 1655048396 is                  Sandhausen
in


                      weatherCode n Desc are    800 n clear sky

                               Latitude is    49.3428

                               Longitude  is    8.6592

                                the  Nation of    DE



                                currentTemp   29.01	wind speed -   2.57

     test case failed  for Sandhausen
]]></system-out>
  </testcase>
  <testcase name="dataProbhiderAPI[Karlsruhe, UCL](11)" classname="meri.kiran.vini" time="0.335">
    <failure message="expected [above Limit set for Karlsruhe,DE at  0 degree] but found [29.99]" type="java.lang.AssertionError"><![CDATA[java.lang.AssertionError: expected [above Limit set for Karlsruhe,DE at  0 degree] but found [29.99]
	at meri.kiran.vini.dataProbhiderAPI(vini.java:96)
]]></failure>
    <system-out><![CDATA[ place Karlsruhe
 inside ReusableBall method 
Raw date is   1655048390
 beutified date is  Sun Jun 12 17:39:50 CEST 2022
extracted place for  ZipCode 1655048390 is                  Karlsruhe
in


                      weatherCode n Desc are    802 n scattered clouds

                               Latitude is    49.0047

                               Longitude  is    8.3858

                                the  Nation of    DE



                                currentTemp   29.99	wind speed -   1.76

     test case failed  for Karlsruhe
]]></system-out>
  </testcase>
  <testcase name="dataProbhiderAPI[kaiserslautern, UCL](12)" classname="meri.kiran.vini" time="0.348">
    <failure message="expected [above Limit set for Kaiserslautern,DE at  0 degree] but found [26.88]" type="java.lang.AssertionError"><![CDATA[java.lang.AssertionError: expected [above Limit set for Kaiserslautern,DE at  0 degree] but found [26.88]
	at meri.kiran.vini.dataProbhiderAPI(vini.java:96)
]]></failure>
    <system-out><![CDATA[ place kaiserslautern
 inside ReusableBall method 
Raw date is   1655048365
 beutified date is  Sun Jun 12 17:39:25 CEST 2022
extracted place for  ZipCode 1655048365 is                  Kaiserslautern
in


                      weatherCode n Desc are    800 n clear sky

                               Latitude is    49.45

                               Longitude  is    7.75

                                the  Nation of    DE



                                currentTemp   26.88	wind speed -   5.66

     test case failed  for Kaiserslautern
]]></system-out>
  </testcase>
  <testcase name="dataProbhiderAPI[Darmstadt, UCL](13)" classname="meri.kiran.vini" time="0.361">
    <failure message="expected [above Limit set for Regierungsbezirk Darmstadt,DE at  0 degree] but found [27.74]" type="java.lang.AssertionError"><![CDATA[java.lang.AssertionError: expected [above Limit set for Regierungsbezirk Darmstadt,DE at  0 degree] but found [27.74]
	at meri.kiran.vini.dataProbhiderAPI(vini.java:96)
]]></failure>
    <system-out><![CDATA[ place Darmstadt
 inside ReusableBall method 
Raw date is   1655048197
 beutified date is  Sun Jun 12 17:36:37 CEST 2022
extracted place for  ZipCode 1655048197 is                  Regierungsbezirk Darmstadt
in


                      weatherCode n Desc are    801 n few clouds

                               Latitude is    49.8333

                               Longitude  is    8.6667

                                the  Nation of    DE



                                currentTemp   27.74	wind speed -   4.56

     test case failed  for Regierungsbezirk Darmstadt
]]></system-out>
  </testcase>
  <testcase name="dataProbhiderAPI[Dusseldorf, UCL](14)" classname="meri.kiran.vini" time="0.321">
    <failure message="expected [above Limit set for Düsseldorf,DE at  0 degree] but found [23.47]" type="java.lang.AssertionError"><![CDATA[java.lang.AssertionError: expected [above Limit set for Düsseldorf,DE at  0 degree] but found [23.47]
	at meri.kiran.vini.dataProbhiderAPI(vini.java:96)
]]></failure>
    <system-out><![CDATA[ place Dusseldorf
 inside ReusableBall method 
Raw date is   1655048262
 beutified date is  Sun Jun 12 17:37:42 CEST 2022
extracted place for  ZipCode 1655048262 is                  Düsseldorf
in


                      weatherCode n Desc are    800 n clear sky

                               Latitude is    51.2217

                               Longitude  is    6.7762

                                the  Nation of    DE



                                currentTemp   23.47	wind speed -   3.6

     test case failed  for Düsseldorf
]]></system-out>
  </testcase>
  <testcase name="dataProbhiderAPI[Paderborn, EuropaLeague](15)" classname="meri.kiran.vini" time="0.321">
    <failure message="expected [above Limit set for Paderborn,DE at  0 degree] but found [23.92]" type="java.lang.AssertionError"><![CDATA[java.lang.AssertionError: expected [above Limit set for Paderborn,DE at  0 degree] but found [23.92]
	at meri.kiran.vini.dataProbhiderAPI(vini.java:96)
]]></failure>
    <system-out><![CDATA[ place Paderborn
 inside ReusableBall method 
Raw date is   1655048281
 beutified date is  Sun Jun 12 17:38:01 CEST 2022
extracted place for  ZipCode 1655048281 is                  Paderborn
in


                      weatherCode n Desc are    800 n clear sky

                               Latitude is    51.7191

                               Longitude  is    8.7544

                                the  Nation of    DE



                                currentTemp   23.92	wind speed -   4.12

     test case failed  for Paderborn
]]></system-out>
  </testcase>
  <testcase name="dataProbhiderAPI[Bielefeld, EuropaLeague](16)" classname="meri.kiran.vini" time="0.349">
    <failure message="expected [above Limit set for Bielefeld,DE at  0 degree] but found [22.1]" type="java.lang.AssertionError"><![CDATA[java.lang.AssertionError: expected [above Limit set for Bielefeld,DE at  0 degree] but found [22.1]
	at meri.kiran.vini.dataProbhiderAPI(vini.java:96)
]]></failure>
    <system-out><![CDATA[ place Bielefeld
 inside ReusableBall method 
Raw date is   1655048124
 beutified date is  Sun Jun 12 17:35:24 CEST 2022
extracted place for  ZipCode 1655048124 is                  Bielefeld
in


                      weatherCode n Desc are    804 n overcast clouds

                               Latitude is    52.0333

                               Longitude  is    8.5333

                                the  Nation of    DE



                                currentTemp   22.1	wind speed -   5.15

     test case failed  for Bielefeld
]]></system-out>
  </testcase>
  <testcase name="dataProbhiderAPI[Hannover, EuropaLeague](17)" classname="meri.kiran.vini" time="0.347">
    <failure message="expected [above Limit set for Hanover,DE at  0 degree] but found [23.17]" type="java.lang.AssertionError"><![CDATA[java.lang.AssertionError: expected [above Limit set for Hanover,DE at  0 degree] but found [23.17]
	at meri.kiran.vini.dataProbhiderAPI(vini.java:96)
]]></failure>
    <system-out><![CDATA[ place Hannover
 inside ReusableBall method 
Raw date is   1655048220
 beutified date is  Sun Jun 12 17:37:00 CEST 2022
extracted place for  ZipCode 1655048220 is                  Hanover
in


                      weatherCode n Desc are    800 n clear sky

                               Latitude is    52.3705

                               Longitude  is    9.7332

                                the  Nation of    DE



                                currentTemp   23.17	wind speed -   4.12

     test case failed  for Hanover
]]></system-out>
  </testcase>
  <testcase name="dataProbhiderAPI[Braunschweig, UCL](18)" classname="meri.kiran.vini" time="0.31">
    <failure message="expected [above Limit set for Braunschweig,DE at  0 degree] but found [24.37]" type="java.lang.AssertionError"><![CDATA[java.lang.AssertionError: expected [above Limit set for Braunschweig,DE at  0 degree] but found [24.37]
	at meri.kiran.vini.dataProbhiderAPI(vini.java:96)
]]></failure>
    <system-out><![CDATA[ place Braunschweig
 inside ReusableBall method 
Raw date is   1655048161
 beutified date is  Sun Jun 12 17:36:01 CEST 2022
extracted place for  ZipCode 1655048161 is                  Braunschweig
in


                      weatherCode n Desc are    800 n clear sky

                               Latitude is    52.2667

                               Longitude  is    10.5333

                                the  Nation of    DE



                                currentTemp   24.37	wind speed -   4.63

     test case failed  for Braunschweig
]]></system-out>
  </testcase>
</testsuite>