<?xml version="1.0" encoding="UTF-8"?>
<testng-results ignored="10" total="12" passed="2" failed="0" skipped="0">
  <reporter-output>
  </reporter-output>
  <suite started-at="2022-02-20T00:26:57 CET" name="Suite" finished-at="2022-02-20T00:27:00 CET" duration-ms="3401">
    <groups>
    </groups>
    <test started-at="2022-02-20T00:26:57 CET" name="Test" finished-at="2022-02-20T00:27:00 CET" duration-ms="3401">
      <class name="meri.kiran.stadionWeather">
        <test-method signature="stadion_FCA()[pri:0, instance:meri.kiran.stadionWeather@2e4b8173]" started-at="2022-02-20T00:26:57 CET" name="stadion_FCA" finished-at="2022-02-20T00:26:59 CET" duration-ms="2627" status="PASS">
          <reporter-output>
          </reporter-output>
        </test-method> <!-- stadion_FCA -->
        <test-method signature="stadion_FCB()[pri:0, instance:meri.kiran.stadionWeather@2e4b8173]" started-at="2022-02-20T00:26:59 CET" name="stadion_FCB" finished-at="2022-02-20T00:27:00 CET" duration-ms="741" status="PASS">
          <reporter-output>
          </reporter-output>
        </test-method> <!-- stadion_FCB -->
      </class> <!-- meri.kiran.stadionWeather -->
    </test> <!-- Test -->
  </suite> <!-- Suite -->
</testng-results>
