<?xml version="1.0" encoding="UTF-8"?>
<testng-results ignored="0" total="1" passed="1" failed="0" skipped="0">
  <reporter-output>
  </reporter-output>
  <suite started-at="2022-05-29T15:23:15 CEST" name="Suite" finished-at="2022-05-29T15:23:38 CEST" duration-ms="22520">
    <groups>
    </groups>
    <test started-at="2022-05-29T15:23:15 CEST" name="Test" finished-at="2022-05-29T15:23:38 CEST" duration-ms="22520">
      <class name="meri.kiran.vini">
        <test-method signature="e2e()[pri:0, instance:meri.kiran.vini@bef2d72]" started-at="2022-05-29T15:23:15 CEST" name="e2e" finished-at="2022-05-29T15:23:38 CEST" duration-ms="22484" status="PASS">
          <reporter-output>
          </reporter-output>
        </test-method> <!-- e2e -->
      </class> <!-- meri.kiran.vini -->
    </test> <!-- Test -->
  </suite> <!-- Suite -->
</testng-results>
