<?xml version="1.0" encoding="UTF-8"?>
<testng-results ignored="0" total="1" passed="1" failed="0" skipped="0">
  <reporter-output>
  </reporter-output>
  <suite started-at="2022-02-21T22:19:54 CET" name="Default suite" finished-at="2022-02-21T22:27:12 CET" duration-ms="437898">
    <groups>
    </groups>
    <test started-at="2022-02-21T22:19:54 CET" name="Default test" finished-at="2022-02-21T22:27:12 CET" duration-ms="437898">
      <class name="meri.kiran.indianZipCoder">
        <test-method signature="zipSeries_Kerala()[pri:0, instance:meri.kiran.indianZipCoder@1af2d44a]" started-at="2022-02-21T22:19:54 CET" name="zipSeries_Kerala" finished-at="2022-02-21T22:27:12 CET" duration-ms="437859" status="PASS">
          <reporter-output>
          </reporter-output>
        </test-method> <!-- zipSeries_Kerala -->
      </class> <!-- meri.kiran.indianZipCoder -->
    </test> <!-- Default test -->
  </suite> <!-- Default suite -->
</testng-results>
