<?xml version="1.0" encoding="UTF-8"?>
<testng-results ignored="3" total="4" passed="1" failed="0" skipped="0">
  <reporter-output>
  </reporter-output>
  <suite started-at="2022-05-18T00:41:29 CEST" name="Suite" finished-at="2022-05-18T00:44:27 CEST" duration-ms="177992">
    <groups>
    </groups>
    <test started-at="2022-05-18T00:41:29 CEST" name="Test" finished-at="2022-05-18T00:44:27 CEST" duration-ms="177992">
      <class name="meri.kiran.indianZipCoder">
        <test-method signature="zipSeries_Berlin(int)[pri:0, instance:meri.kiran.indianZipCoder@306e95ec]" started-at="2022-05-18T00:41:29 CEST" name="zipSeries_Berlin" finished-at="2022-05-18T00:44:27 CEST" duration-ms="177946" status="PASS">
          <params>
            <param index="0">
              <value>
                <![CDATA[500]]>
              </value>
            </param>
          </params>
          <reporter-output>
          </reporter-output>
        </test-method> <!-- zipSeries_Berlin -->
      </class> <!-- meri.kiran.indianZipCoder -->
    </test> <!-- Test -->
  </suite> <!-- Suite -->
</testng-results>
